The system is: Linux - 4.15.0-142-generic - x86_64
Compiling the C compiler identification source file "CMakeCCompilerId.c" succeeded.
Compiler: /usr/bin/cc 
Build flags: 
Id flags:  

The output was:
0


Compilation of the C compiler identification source "CMakeCCompilerId.c" produced "a.out"

The C compiler identification is GNU, found in "/home/zoukaixiang/code/camodocal/cmake-build-debug/CMakeFiles/3.19.2/CompilerIdC/a.out"

Compiling the CXX compiler identification source file "CMakeCXXCompilerId.cpp" succeeded.
Compiler: /usr/bin/c++ 
Build flags: 
Id flags:  

The output was:
0


Compilation of the CXX compiler identification source "CMakeCXXCompilerId.cpp" produced "a.out"

The CXX compiler identification is GNU, found in "/home/zoukaixiang/code/camodocal/cmake-build-debug/CMakeFiles/3.19.2/CompilerIdCXX/a.out"

Detecting C compiler ABI info compiled with the following output:
Change Dir: /home/zoukaixiang/code/camodocal/cmake-build-debug/CMakeFiles/CMakeTmp

Run Build Command(s):/usr/bin/make cmTC_adae9/fast && /usr/bin/make  -f CMakeFiles/cmTC_adae9.dir/build.make CMakeFiles/cmTC_adae9.dir/build
make[1]: Entering directory '/home/zoukaixiang/code/camodocal/cmake-build-debug/CMakeFiles/CMakeTmp'
Building C object CMakeFiles/cmTC_adae9.dir/CMakeCCompilerABI.c.o
/usr/bin/cc   -v -o CMakeFiles/cmTC_adae9.dir/CMakeCCompilerABI.c.o -c /home/zoukaixiang/3rdparty/clion-2021.1.1/bin/cmake/linux/share/cmake-3.19/Modules/CMakeCCompilerABI.c
Using built-in specs.
COLLECT_GCC=/usr/bin/cc
Target: x86_64-linux-gnu
Configured with: ../src/configure -v --with-pkgversion='Ubuntu 5.4.0-6ubuntu1~16.04.12' --with-bugurl=file:///usr/share/doc/gcc-5/README.Bugs --enable-languages=c,ada,c++,java,go,d,fortran,objc,obj-c++ --prefix=/usr --program-suffix=-5 --enable-shared --enable-linker-build-id --libexecdir=/usr/lib --without-included-gettext --enable-threads=posix --libdir=/usr/lib --enable-nls --with-sysroot=/ --enable-clocale=gnu --enable-libstdcxx-debug --enable-libstdcxx-time=yes --with-default-libstdcxx-abi=new --enable-gnu-unique-object --disable-vtable-verify --enable-libmpx --enable-plugin --with-system-zlib --disable-browser-plugin --enable-java-awt=gtk --enable-gtk-cairo --with-java-home=/usr/lib/jvm/java-1.5.0-gcj-5-amd64/jre --enable-java-home --with-jvm-root-dir=/usr/lib/jvm/java-1.5.0-gcj-5-amd64 --with-jvm-jar-dir=/usr/lib/jvm-exports/java-1.5.0-gcj-5-amd64 --with-arch-directory=amd64 --with-ecj-jar=/usr/share/java/eclipse-ecj.jar --enable-objc-gc --enable-multiarch --disable-werror --with-arch-32=i686 --with-abi=m64 --with-multilib-list=m32,m64,mx32 --enable-multilib --with-tune=generic --enable-checking=release --build=x86_64-linux-gnu --host=x86_64-linux-gnu --target=x86_64-linux-gnu
Thread model: posix
gcc version 5.4.0 20160609 (Ubuntu 5.4.0-6ubuntu1~16.04.12) 
COLLECT_GCC_OPTIONS='-v' '-o' 'CMakeFiles/cmTC_adae9.dir/CMakeCCompilerABI.c.o' '-c' '-mtune=generic' '-march=x86-64'
 /usr/lib/gcc/x86_64-linux-gnu/5/cc1 -quiet -v -imultiarch x86_64-linux-gnu /home/zoukaixiang/3rdparty/clion-2021.1.1/bin/cmake/linux/share/cmake-3.19/Modules/CMakeCCompilerABI.c -quiet -dumpbase CMakeCCompilerABI.c -mtune=generic -march=x86-64 -auxbase-strip CMakeFiles/cmTC_adae9.dir/CMakeCCompilerABI.c.o -version -fstack-protector-strong -Wformat -Wformat-security -o /tmp/ccdhiu6r.s
GNU C11 (Ubuntu 5.4.0-6ubuntu1~16.04.12) version 5.4.0 20160609 (x86_64-linux-gnu)
	compiled by GNU C version 5.4.0 20160609, GMP version 6.1.0, MPFR version 3.1.4, MPC version 1.0.3
GGC heuristics: --param ggc-min-expand=100 --param ggc-min-heapsize=131072
ignoring nonexistent directory "/usr/local/include/x86_64-linux-gnu"
ignoring nonexistent directory "/usr/lib/gcc/x86_64-linux-gnu/5/../../../../x86_64-linux-gnu/include"
#include "..." search starts here:
#include <...> search starts here:
 /usr/lib/gcc/x86_64-linux-gnu/5/include
 /usr/local/include
 /usr/lib/gcc/x86_64-linux-gnu/5/include-fixed
 /usr/include/x86_64-linux-gnu
 /usr/include
End of search list.
GNU C11 (Ubuntu 5.4.0-6ubuntu1~16.04.12) version 5.4.0 20160609 (x86_64-linux-gnu)
	compiled by GNU C version 5.4.0 20160609, GMP version 6.1.0, MPFR version 3.1.4, MPC version 1.0.3
GGC heuristics: --param ggc-min-expand=100 --param ggc-min-heapsize=131072
Compiler executable checksum: 8087146d2ee737d238113fb57fabb1f2
COLLECT_GCC_OPTIONS='-v' '-o' 'CMakeFiles/cmTC_adae9.dir/CMakeCCompilerABI.c.o' '-c' '-mtune=generic' '-march=x86-64'
 as -v --64 -o CMakeFiles/cmTC_adae9.dir/CMakeCCompilerABI.c.o /tmp/ccdhiu6r.s
GNU assembler version 2.26.1 (x86_64-linux-gnu) using BFD version (GNU Binutils for Ubuntu) 2.26.1
COMPILER_PATH=/usr/lib/gcc/x86_64-linux-gnu/5/:/usr/lib/gcc/x86_64-linux-gnu/5/:/usr/lib/gcc/x86_64-linux-gnu/:/usr/lib/gcc/x86_64-linux-gnu/5/:/usr/lib/gcc/x86_64-linux-gnu/
LIBRARY_PATH=/usr/lib/gcc/x86_64-linux-gnu/5/:/usr/lib/gcc/x86_64-linux-gnu/5/../../../x86_64-linux-gnu/:/usr/lib/gcc/x86_64-linux-gnu/5/../../../../lib/:/lib/x86_64-linux-gnu/:/lib/../lib/:/usr/lib/x86_64-linux-gnu/:/usr/lib/../lib/:/usr/lib/gcc/x86_64-linux-gnu/5/../../../:/lib/:/usr/lib/
COLLECT_GCC_OPTIONS='-v' '-o' 'CMakeFiles/cmTC_adae9.dir/CMakeCCompilerABI.c.o' '-c' '-mtune=generic' '-march=x86-64'
Linking C executable cmTC_adae9
/home/zoukaixiang/3rdparty/clion-2021.1.1/bin/cmake/linux/bin/cmake -E cmake_link_script CMakeFiles/cmTC_adae9.dir/link.txt --verbose=1
/usr/bin/cc  -v -rdynamic CMakeFiles/cmTC_adae9.dir/CMakeCCompilerABI.c.o -o cmTC_adae9 
Using built-in specs.
COLLECT_GCC=/usr/bin/cc
COLLECT_LTO_WRAPPER=/usr/lib/gcc/x86_64-linux-gnu/5/lto-wrapper
Target: x86_64-linux-gnu
Configured with: ../src/configure -v --with-pkgversion='Ubuntu 5.4.0-6ubuntu1~16.04.12' --with-bugurl=file:///usr/share/doc/gcc-5/README.Bugs --enable-languages=c,ada,c++,java,go,d,fortran,objc,obj-c++ --prefix=/usr --program-suffix=-5 --enable-shared --enable-linker-build-id --libexecdir=/usr/lib --without-included-gettext --enable-threads=posix --libdir=/usr/lib --enable-nls --with-sysroot=/ --enable-clocale=gnu --enable-libstdcxx-debug --enable-libstdcxx-time=yes --with-default-libstdcxx-abi=new --enable-gnu-unique-object --disable-vtable-verify --enable-libmpx --enable-plugin --with-system-zlib --disable-browser-plugin --enable-java-awt=gtk --enable-gtk-cairo --with-java-home=/usr/lib/jvm/java-1.5.0-gcj-5-amd64/jre --enable-java-home --with-jvm-root-dir=/usr/lib/jvm/java-1.5.0-gcj-5-amd64 --with-jvm-jar-dir=/usr/lib/jvm-exports/java-1.5.0-gcj-5-amd64 --with-arch-directory=amd64 --with-ecj-jar=/usr/share/java/eclipse-ecj.jar --enable-objc-gc --enable-multiarch --disable-werror --with-arch-32=i686 --with-abi=m64 --with-multilib-list=m32,m64,mx32 --enable-multilib --with-tune=generic --enable-checking=release --build=x86_64-linux-gnu --host=x86_64-linux-gnu --target=x86_64-linux-gnu
Thread model: posix
gcc version 5.4.0 20160609 (Ubuntu 5.4.0-6ubuntu1~16.04.12) 
COMPILER_PATH=/usr/lib/gcc/x86_64-linux-gnu/5/:/usr/lib/gcc/x86_64-linux-gnu/5/:/usr/lib/gcc/x86_64-linux-gnu/:/usr/lib/gcc/x86_64-linux-gnu/5/:/usr/lib/gcc/x86_64-linux-gnu/
LIBRARY_PATH=/usr/lib/gcc/x86_64-linux-gnu/5/:/usr/lib/gcc/x86_64-linux-gnu/5/../../../x86_64-linux-gnu/:/usr/lib/gcc/x86_64-linux-gnu/5/../../../../lib/:/lib/x86_64-linux-gnu/:/lib/../lib/:/usr/lib/x86_64-linux-gnu/:/usr/lib/../lib/:/usr/lib/gcc/x86_64-linux-gnu/5/../../../:/lib/:/usr/lib/
COLLECT_GCC_OPTIONS='-v' '-rdynamic' '-o' 'cmTC_adae9' '-mtune=generic' '-march=x86-64'
 /usr/lib/gcc/x86_64-linux-gnu/5/collect2 -plugin /usr/lib/gcc/x86_64-linux-gnu/5/liblto_plugin.so -plugin-opt=/usr/lib/gcc/x86_64-linux-gnu/5/lto-wrapper -plugin-opt=-fresolution=/tmp/cclKv6Jq.res -plugin-opt=-pass-through=-lgcc -plugin-opt=-pass-through=-lgcc_s -plugin-opt=-pass-through=-lc -plugin-opt=-pass-through=-lgcc -plugin-opt=-pass-through=-lgcc_s --sysroot=/ --build-id --eh-frame-hdr -m elf_x86_64 --hash-style=gnu --as-needed -export-dynamic -dynamic-linker /lib64/ld-linux-x86-64.so.2 -z relro -o cmTC_adae9 /usr/lib/gcc/x86_64-linux-gnu/5/../../../x86_64-linux-gnu/crt1.o /usr/lib/gcc/x86_64-linux-gnu/5/../../../x86_64-linux-gnu/crti.o /usr/lib/gcc/x86_64-linux-gnu/5/crtbegin.o -L/usr/lib/gcc/x86_64-linux-gnu/5 -L/usr/lib/gcc/x86_64-linux-gnu/5/../../../x86_64-linux-gnu -L/usr/lib/gcc/x86_64-linux-gnu/5/../../../../lib -L/lib/x86_64-linux-gnu -L/lib/../lib -L/usr/lib/x86_64-linux-gnu -L/usr/lib/../lib -L/usr/lib/gcc/x86_64-linux-gnu/5/../../.. CMakeFiles/cmTC_adae9.dir/CMakeCCompilerABI.c.o -lgcc --as-needed -lgcc_s --no-as-needed -lc -lgcc --as-needed -lgcc_s --no-as-needed /usr/lib/gcc/x86_64-linux-gnu/5/crtend.o /usr/lib/gcc/x86_64-linux-gnu/5/../../../x86_64-linux-gnu/crtn.o
make[1]: Leaving directory '/home/zoukaixiang/code/camodocal/cmake-build-debug/CMakeFiles/CMakeTmp'



Parsed C implicit include dir info from above output: rv=done
  found start of include info
  found start of implicit include info
    add: [/usr/lib/gcc/x86_64-linux-gnu/5/include]
    add: [/usr/local/include]
    add: [/usr/lib/gcc/x86_64-linux-gnu/5/include-fixed]
    add: [/usr/include/x86_64-linux-gnu]
    add: [/usr/include]
  end of search list found
  collapse include dir [/usr/lib/gcc/x86_64-linux-gnu/5/include] ==> [/usr/lib/gcc/x86_64-linux-gnu/5/include]
  collapse include dir [/usr/local/include] ==> [/usr/local/include]
  collapse include dir [/usr/lib/gcc/x86_64-linux-gnu/5/include-fixed] ==> [/usr/lib/gcc/x86_64-linux-gnu/5/include-fixed]
  collapse include dir [/usr/include/x86_64-linux-gnu] ==> [/usr/include/x86_64-linux-gnu]
  collapse include dir [/usr/include] ==> [/usr/include]
  implicit include dirs: [/usr/lib/gcc/x86_64-linux-gnu/5/include;/usr/local/include;/usr/lib/gcc/x86_64-linux-gnu/5/include-fixed;/usr/include/x86_64-linux-gnu;/usr/include]


Parsed C implicit link information from above output:
  link line regex: [^( *|.*[/\])(ld|CMAKE_LINK_STARTFILE-NOTFOUND|([^/\]+-)?ld|collect2)[^/\]*( |$)]
  ignore line: [Change Dir: /home/zoukaixiang/code/camodocal/cmake-build-debug/CMakeFiles/CMakeTmp]
  ignore line: []
  ignore line: [Run Build Command(s):/usr/bin/make cmTC_adae9/fast && /usr/bin/make  -f CMakeFiles/cmTC_adae9.dir/build.make CMakeFiles/cmTC_adae9.dir/build]
  ignore line: [make[1]: Entering directory '/home/zoukaixiang/code/camodocal/cmake-build-debug/CMakeFiles/CMakeTmp']
  ignore line: [Building C object CMakeFiles/cmTC_adae9.dir/CMakeCCompilerABI.c.o]
  ignore line: [/usr/bin/cc   -v -o CMakeFiles/cmTC_adae9.dir/CMakeCCompilerABI.c.o -c /home/zoukaixiang/3rdparty/clion-2021.1.1/bin/cmake/linux/share/cmake-3.19/Modules/CMakeCCompilerABI.c]
  ignore line: [Using built-in specs.]
  ignore line: [COLLECT_GCC=/usr/bin/cc]
  ignore line: [Target: x86_64-linux-gnu]
  ignore line: [Configured with: ../src/configure -v --with-pkgversion='Ubuntu 5.4.0-6ubuntu1~16.04.12' --with-bugurl=file:///usr/share/doc/gcc-5/README.Bugs --enable-languages=c ada c++ java go d fortran objc obj-c++ --prefix=/usr --program-suffix=-5 --enable-shared --enable-linker-build-id --libexecdir=/usr/lib --without-included-gettext --enable-threads=posix --libdir=/usr/lib --enable-nls --with-sysroot=/ --enable-clocale=gnu --enable-libstdcxx-debug --enable-libstdcxx-time=yes --with-default-libstdcxx-abi=new --enable-gnu-unique-object --disable-vtable-verify --enable-libmpx --enable-plugin --with-system-zlib --disable-browser-plugin --enable-java-awt=gtk --enable-gtk-cairo --with-java-home=/usr/lib/jvm/java-1.5.0-gcj-5-amd64/jre --enable-java-home --with-jvm-root-dir=/usr/lib/jvm/java-1.5.0-gcj-5-amd64 --with-jvm-jar-dir=/usr/lib/jvm-exports/java-1.5.0-gcj-5-amd64 --with-arch-directory=amd64 --with-ecj-jar=/usr/share/java/eclipse-ecj.jar --enable-objc-gc --enable-multiarch --disable-werror --with-arch-32=i686 --with-abi=m64 --with-multilib-list=m32 m64 mx32 --enable-multilib --with-tune=generic --enable-checking=release --build=x86_64-linux-gnu --host=x86_64-linux-gnu --target=x86_64-linux-gnu]
  ignore line: [Thread model: posix]
  ignore line: [gcc version 5.4.0 20160609 (Ubuntu 5.4.0-6ubuntu1~16.04.12) ]
  ignore line: [COLLECT_GCC_OPTIONS='-v' '-o' 'CMakeFiles/cmTC_adae9.dir/CMakeCCompilerABI.c.o' '-c' '-mtune=generic' '-march=x86-64']
  ignore line: [ /usr/lib/gcc/x86_64-linux-gnu/5/cc1 -quiet -v -imultiarch x86_64-linux-gnu /home/zoukaixiang/3rdparty/clion-2021.1.1/bin/cmake/linux/share/cmake-3.19/Modules/CMakeCCompilerABI.c -quiet -dumpbase CMakeCCompilerABI.c -mtune=generic -march=x86-64 -auxbase-strip CMakeFiles/cmTC_adae9.dir/CMakeCCompilerABI.c.o -version -fstack-protector-strong -Wformat -Wformat-security -o /tmp/ccdhiu6r.s]
  ignore line: [GNU C11 (Ubuntu 5.4.0-6ubuntu1~16.04.12) version 5.4.0 20160609 (x86_64-linux-gnu)]
  ignore line: [	compiled by GNU C version 5.4.0 20160609  GMP version 6.1.0  MPFR version 3.1.4  MPC version 1.0.3]
  ignore line: [GGC heuristics: --param ggc-min-expand=100 --param ggc-min-heapsize=131072]
  ignore line: [ignoring nonexistent directory "/usr/local/include/x86_64-linux-gnu"]
  ignore line: [ignoring nonexistent directory "/usr/lib/gcc/x86_64-linux-gnu/5/../../../../x86_64-linux-gnu/include"]
  ignore line: [#include "..." search starts here:]
  ignore line: [#include <...> search starts here:]
  ignore line: [ /usr/lib/gcc/x86_64-linux-gnu/5/include]
  ignore line: [ /usr/local/include]
  ignore line: [ /usr/lib/gcc/x86_64-linux-gnu/5/include-fixed]
  ignore line: [ /usr/include/x86_64-linux-gnu]
  ignore line: [ /usr/include]
  ignore line: [End of search list.]
  ignore line: [GNU C11 (Ubuntu 5.4.0-6ubuntu1~16.04.12) version 5.4.0 20160609 (x86_64-linux-gnu)]
  ignore line: [	compiled by GNU C version 5.4.0 20160609  GMP version 6.1.0  MPFR version 3.1.4  MPC version 1.0.3]
  ignore line: [GGC heuristics: --param ggc-min-expand=100 --param ggc-min-heapsize=131072]
  ignore line: [Compiler executable checksum: 8087146d2ee737d238113fb57fabb1f2]
  ignore line: [COLLECT_GCC_OPTIONS='-v' '-o' 'CMakeFiles/cmTC_adae9.dir/CMakeCCompilerABI.c.o' '-c' '-mtune=generic' '-march=x86-64']
  ignore line: [ as -v --64 -o CMakeFiles/cmTC_adae9.dir/CMakeCCompilerABI.c.o /tmp/ccdhiu6r.s]
  ignore line: [GNU assembler version 2.26.1 (x86_64-linux-gnu) using BFD version (GNU Binutils for Ubuntu) 2.26.1]
  ignore line: [COMPILER_PATH=/usr/lib/gcc/x86_64-linux-gnu/5/:/usr/lib/gcc/x86_64-linux-gnu/5/:/usr/lib/gcc/x86_64-linux-gnu/:/usr/lib/gcc/x86_64-linux-gnu/5/:/usr/lib/gcc/x86_64-linux-gnu/]
  ignore line: [LIBRARY_PATH=/usr/lib/gcc/x86_64-linux-gnu/5/:/usr/lib/gcc/x86_64-linux-gnu/5/../../../x86_64-linux-gnu/:/usr/lib/gcc/x86_64-linux-gnu/5/../../../../lib/:/lib/x86_64-linux-gnu/:/lib/../lib/:/usr/lib/x86_64-linux-gnu/:/usr/lib/../lib/:/usr/lib/gcc/x86_64-linux-gnu/5/../../../:/lib/:/usr/lib/]
  ignore line: [COLLECT_GCC_OPTIONS='-v' '-o' 'CMakeFiles/cmTC_adae9.dir/CMakeCCompilerABI.c.o' '-c' '-mtune=generic' '-march=x86-64']
  ignore line: [Linking C executable cmTC_adae9]
  ignore line: [/home/zoukaixiang/3rdparty/clion-2021.1.1/bin/cmake/linux/bin/cmake -E cmake_link_script CMakeFiles/cmTC_adae9.dir/link.txt --verbose=1]
  ignore line: [/usr/bin/cc  -v -rdynamic CMakeFiles/cmTC_adae9.dir/CMakeCCompilerABI.c.o -o cmTC_adae9 ]
  ignore line: [Using built-in specs.]
  ignore line: [COLLECT_GCC=/usr/bin/cc]
  ignore line: [COLLECT_LTO_WRAPPER=/usr/lib/gcc/x86_64-linux-gnu/5/lto-wrapper]
  ignore line: [Target: x86_64-linux-gnu]
  ignore line: [Configured with: ../src/configure -v --with-pkgversion='Ubuntu 5.4.0-6ubuntu1~16.04.12' --with-bugurl=file:///usr/share/doc/gcc-5/README.Bugs --enable-languages=c ada c++ java go d fortran objc obj-c++ --prefix=/usr --program-suffix=-5 --enable-shared --enable-linker-build-id --libexecdir=/usr/lib --without-included-gettext --enable-threads=posix --libdir=/usr/lib --enable-nls --with-sysroot=/ --enable-clocale=gnu --enable-libstdcxx-debug --enable-libstdcxx-time=yes --with-default-libstdcxx-abi=new --enable-gnu-unique-object --disable-vtable-verify --enable-libmpx --enable-plugin --with-system-zlib --disable-browser-plugin --enable-java-awt=gtk --enable-gtk-cairo --with-java-home=/usr/lib/jvm/java-1.5.0-gcj-5-amd64/jre --enable-java-home --with-jvm-root-dir=/usr/lib/jvm/java-1.5.0-gcj-5-amd64 --with-jvm-jar-dir=/usr/lib/jvm-exports/java-1.5.0-gcj-5-amd64 --with-arch-directory=amd64 --with-ecj-jar=/usr/share/java/eclipse-ecj.jar --enable-objc-gc --enable-multiarch --disable-werror --with-arch-32=i686 --with-abi=m64 --with-multilib-list=m32 m64 mx32 --enable-multilib --with-tune=generic --enable-checking=release --build=x86_64-linux-gnu --host=x86_64-linux-gnu --target=x86_64-linux-gnu]
  ignore line: [Thread model: posix]
  ignore line: [gcc version 5.4.0 20160609 (Ubuntu 5.4.0-6ubuntu1~16.04.12) ]
  ignore line: [COMPILER_PATH=/usr/lib/gcc/x86_64-linux-gnu/5/:/usr/lib/gcc/x86_64-linux-gnu/5/:/usr/lib/gcc/x86_64-linux-gnu/:/usr/lib/gcc/x86_64-linux-gnu/5/:/usr/lib/gcc/x86_64-linux-gnu/]
  ignore line: [LIBRARY_PATH=/usr/lib/gcc/x86_64-linux-gnu/5/:/usr/lib/gcc/x86_64-linux-gnu/5/../../../x86_64-linux-gnu/:/usr/lib/gcc/x86_64-linux-gnu/5/../../../../lib/:/lib/x86_64-linux-gnu/:/lib/../lib/:/usr/lib/x86_64-linux-gnu/:/usr/lib/../lib/:/usr/lib/gcc/x86_64-linux-gnu/5/../../../:/lib/:/usr/lib/]
  ignore line: [COLLECT_GCC_OPTIONS='-v' '-rdynamic' '-o' 'cmTC_adae9' '-mtune=generic' '-march=x86-64']
  link line: [ /usr/lib/gcc/x86_64-linux-gnu/5/collect2 -plugin /usr/lib/gcc/x86_64-linux-gnu/5/liblto_plugin.so -plugin-opt=/usr/lib/gcc/x86_64-linux-gnu/5/lto-wrapper -plugin-opt=-fresolution=/tmp/cclKv6Jq.res -plugin-opt=-pass-through=-lgcc -plugin-opt=-pass-through=-lgcc_s -plugin-opt=-pass-through=-lc -plugin-opt=-pass-through=-lgcc -plugin-opt=-pass-through=-lgcc_s --sysroot=/ --build-id --eh-frame-hdr -m elf_x86_64 --hash-style=gnu --as-needed -export-dynamic -dynamic-linker /lib64/ld-linux-x86-64.so.2 -z relro -o cmTC_adae9 /usr/lib/gcc/x86_64-linux-gnu/5/../../../x86_64-linux-gnu/crt1.o /usr/lib/gcc/x86_64-linux-gnu/5/../../../x86_64-linux-gnu/crti.o /usr/lib/gcc/x86_64-linux-gnu/5/crtbegin.o -L/usr/lib/gcc/x86_64-linux-gnu/5 -L/usr/lib/gcc/x86_64-linux-gnu/5/../../../x86_64-linux-gnu -L/usr/lib/gcc/x86_64-linux-gnu/5/../../../../lib -L/lib/x86_64-linux-gnu -L/lib/../lib -L/usr/lib/x86_64-linux-gnu -L/usr/lib/../lib -L/usr/lib/gcc/x86_64-linux-gnu/5/../../.. CMakeFiles/cmTC_adae9.dir/CMakeCCompilerABI.c.o -lgcc --as-needed -lgcc_s --no-as-needed -lc -lgcc --as-needed -lgcc_s --no-as-needed /usr/lib/gcc/x86_64-linux-gnu/5/crtend.o /usr/lib/gcc/x86_64-linux-gnu/5/../../../x86_64-linux-gnu/crtn.o]
    arg [/usr/lib/gcc/x86_64-linux-gnu/5/collect2] ==> ignore
    arg [-plugin] ==> ignore
    arg [/usr/lib/gcc/x86_64-linux-gnu/5/liblto_plugin.so] ==> ignore
    arg [-plugin-opt=/usr/lib/gcc/x86_64-linux-gnu/5/lto-wrapper] ==> ignore
    arg [-plugin-opt=-fresolution=/tmp/cclKv6Jq.res] ==> ignore
    arg [-plugin-opt=-pass-through=-lgcc] ==> ignore
    arg [-plugin-opt=-pass-through=-lgcc_s] ==> ignore
    arg [-plugin-opt=-pass-through=-lc] ==> ignore
    arg [-plugin-opt=-pass-through=-lgcc] ==> ignore
    arg [-plugin-opt=-pass-through=-lgcc_s] ==> ignore
    arg [--sysroot=/] ==> ignore
    arg [--build-id] ==> ignore
    arg [--eh-frame-hdr] ==> ignore
    arg [-m] ==> ignore
    arg [elf_x86_64] ==> ignore
    arg [--hash-style=gnu] ==> ignore
    arg [--as-needed] ==> ignore
    arg [-export-dynamic] ==> ignore
    arg [-dynamic-linker] ==> ignore
    arg [/lib64/ld-linux-x86-64.so.2] ==> ignore
    arg [-zrelro] ==> ignore
    arg [-o] ==> ignore
    arg [cmTC_adae9] ==> ignore
    arg [/usr/lib/gcc/x86_64-linux-gnu/5/../../../x86_64-linux-gnu/crt1.o] ==> ignore
    arg [/usr/lib/gcc/x86_64-linux-gnu/5/../../../x86_64-linux-gnu/crti.o] ==> ignore
    arg [/usr/lib/gcc/x86_64-linux-gnu/5/crtbegin.o] ==> ignore
    arg [-L/usr/lib/gcc/x86_64-linux-gnu/5] ==> dir [/usr/lib/gcc/x86_64-linux-gnu/5]
    arg [-L/usr/lib/gcc/x86_64-linux-gnu/5/../../../x86_64-linux-gnu] ==> dir [/usr/lib/gcc/x86_64-linux-gnu/5/../../../x86_64-linux-gnu]
    arg [-L/usr/lib/gcc/x86_64-linux-gnu/5/../../../../lib] ==> dir [/usr/lib/gcc/x86_64-linux-gnu/5/../../../../lib]
    arg [-L/lib/x86_64-linux-gnu] ==> dir [/lib/x86_64-linux-gnu]
    arg [-L/lib/../lib] ==> dir [/lib/../lib]
    arg [-L/usr/lib/x86_64-linux-gnu] ==> dir [/usr/lib/x86_64-linux-gnu]
    arg [-L/usr/lib/../lib] ==> dir [/usr/lib/../lib]
    arg [-L/usr/lib/gcc/x86_64-linux-gnu/5/../../..] ==> dir [/usr/lib/gcc/x86_64-linux-gnu/5/../../..]
    arg [CMakeFiles/cmTC_adae9.dir/CMakeCCompilerABI.c.o] ==> ignore
    arg [-lgcc] ==> lib [gcc]
    arg [--as-needed] ==> ignore
    arg [-lgcc_s] ==> lib [gcc_s]
    arg [--no-as-needed] ==> ignore
    arg [-lc] ==> lib [c]
    arg [-lgcc] ==> lib [gcc]
    arg [--as-needed] ==> ignore
    arg [-lgcc_s] ==> lib [gcc_s]
    arg [--no-as-needed] ==> ignore
    arg [/usr/lib/gcc/x86_64-linux-gnu/5/crtend.o] ==> ignore
    arg [/usr/lib/gcc/x86_64-linux-gnu/5/../../../x86_64-linux-gnu/crtn.o] ==> ignore
  collapse library dir [/usr/lib/gcc/x86_64-linux-gnu/5] ==> [/usr/lib/gcc/x86_64-linux-gnu/5]
  collapse library dir [/usr/lib/gcc/x86_64-linux-gnu/5/../../../x86_64-linux-gnu] ==> [/usr/lib/x86_64-linux-gnu]
  collapse library dir [/usr/lib/gcc/x86_64-linux-gnu/5/../../../../lib] ==> [/usr/lib]
  collapse library dir [/lib/x86_64-linux-gnu] ==> [/lib/x86_64-linux-gnu]
  collapse library dir [/lib/../lib] ==> [/lib]
  collapse library dir [/usr/lib/x86_64-linux-gnu] ==> [/usr/lib/x86_64-linux-gnu]
  collapse library dir [/usr/lib/../lib] ==> [/usr/lib]
  collapse library dir [/usr/lib/gcc/x86_64-linux-gnu/5/../../..] ==> [/usr/lib]
  implicit libs: [gcc;gcc_s;c;gcc;gcc_s]
  implicit dirs: [/usr/lib/gcc/x86_64-linux-gnu/5;/usr/lib/x86_64-linux-gnu;/usr/lib;/lib/x86_64-linux-gnu;/lib]
  implicit fwks: []


Detecting CXX compiler ABI info compiled with the following output:
Change Dir: /home/zoukaixiang/code/camodocal/cmake-build-debug/CMakeFiles/CMakeTmp

Run Build Command(s):/usr/bin/make cmTC_6320a/fast && /usr/bin/make  -f CMakeFiles/cmTC_6320a.dir/build.make CMakeFiles/cmTC_6320a.dir/build
make[1]: Entering directory '/home/zoukaixiang/code/camodocal/cmake-build-debug/CMakeFiles/CMakeTmp'
Building CXX object CMakeFiles/cmTC_6320a.dir/CMakeCXXCompilerABI.cpp.o
/usr/bin/c++   -v -o CMakeFiles/cmTC_6320a.dir/CMakeCXXCompilerABI.cpp.o -c /home/zoukaixiang/3rdparty/clion-2021.1.1/bin/cmake/linux/share/cmake-3.19/Modules/CMakeCXXCompilerABI.cpp
Using built-in specs.
COLLECT_GCC=/usr/bin/c++
Target: x86_64-linux-gnu
Configured with: ../src/configure -v --with-pkgversion='Ubuntu 5.4.0-6ubuntu1~16.04.12' --with-bugurl=file:///usr/share/doc/gcc-5/README.Bugs --enable-languages=c,ada,c++,java,go,d,fortran,objc,obj-c++ --prefix=/usr --program-suffix=-5 --enable-shared --enable-linker-build-id --libexecdir=/usr/lib --without-included-gettext --enable-threads=posix --libdir=/usr/lib --enable-nls --with-sysroot=/ --enable-clocale=gnu --enable-libstdcxx-debug --enable-libstdcxx-time=yes --with-default-libstdcxx-abi=new --enable-gnu-unique-object --disable-vtable-verify --enable-libmpx --enable-plugin --with-system-zlib --disable-browser-plugin --enable-java-awt=gtk --enable-gtk-cairo --with-java-home=/usr/lib/jvm/java-1.5.0-gcj-5-amd64/jre --enable-java-home --with-jvm-root-dir=/usr/lib/jvm/java-1.5.0-gcj-5-amd64 --with-jvm-jar-dir=/usr/lib/jvm-exports/java-1.5.0-gcj-5-amd64 --with-arch-directory=amd64 --with-ecj-jar=/usr/share/java/eclipse-ecj.jar --enable-objc-gc --enable-multiarch --disable-werror --with-arch-32=i686 --with-abi=m64 --with-multilib-list=m32,m64,mx32 --enable-multilib --with-tune=generic --enable-checking=release --build=x86_64-linux-gnu --host=x86_64-linux-gnu --target=x86_64-linux-gnu
Thread model: posix
gcc version 5.4.0 20160609 (Ubuntu 5.4.0-6ubuntu1~16.04.12) 
COLLECT_GCC_OPTIONS='-v' '-o' 'CMakeFiles/cmTC_6320a.dir/CMakeCXXCompilerABI.cpp.o' '-c' '-shared-libgcc' '-mtune=generic' '-march=x86-64'
 /usr/lib/gcc/x86_64-linux-gnu/5/cc1plus -quiet -v -imultiarch x86_64-linux-gnu -D_GNU_SOURCE /home/zoukaixiang/3rdparty/clion-2021.1.1/bin/cmake/linux/share/cmake-3.19/Modules/CMakeCXXCompilerABI.cpp -quiet -dumpbase CMakeCXXCompilerABI.cpp -mtune=generic -march=x86-64 -auxbase-strip CMakeFiles/cmTC_6320a.dir/CMakeCXXCompilerABI.cpp.o -version -fstack-protector-strong -Wformat -Wformat-security -o /tmp/cceZ1W0s.s
GNU C++ (Ubuntu 5.4.0-6ubuntu1~16.04.12) version 5.4.0 20160609 (x86_64-linux-gnu)
	compiled by GNU C version 5.4.0 20160609, GMP version 6.1.0, MPFR version 3.1.4, MPC version 1.0.3
GGC heuristics: --param ggc-min-expand=100 --param ggc-min-heapsize=131072
ignoring duplicate directory "/usr/include/x86_64-linux-gnu/c++/5"
ignoring nonexistent directory "/usr/local/include/x86_64-linux-gnu"
ignoring nonexistent directory "/usr/lib/gcc/x86_64-linux-gnu/5/../../../../x86_64-linux-gnu/include"
#include "..." search starts here:
#include <...> search starts here:
 /usr/include/c++/5
 /usr/include/x86_64-linux-gnu/c++/5
 /usr/include/c++/5/backward
 /usr/lib/gcc/x86_64-linux-gnu/5/include
 /usr/local/include
 /usr/lib/gcc/x86_64-linux-gnu/5/include-fixed
 /usr/include/x86_64-linux-gnu
 /usr/include
End of search list.
GNU C++ (Ubuntu 5.4.0-6ubuntu1~16.04.12) version 5.4.0 20160609 (x86_64-linux-gnu)
	compiled by GNU C version 5.4.0 20160609, GMP version 6.1.0, MPFR version 3.1.4, MPC version 1.0.3
GGC heuristics: --param ggc-min-expand=100 --param ggc-min-heapsize=131072
Compiler executable checksum: 85af4995304287cdd19cfa43cf5d6cf1
COLLECT_GCC_OPTIONS='-v' '-o' 'CMakeFiles/cmTC_6320a.dir/CMakeCXXCompilerABI.cpp.o' '-c' '-shared-libgcc' '-mtune=generic' '-march=x86-64'
 as -v --64 -o CMakeFiles/cmTC_6320a.dir/CMakeCXXCompilerABI.cpp.o /tmp/cceZ1W0s.s
GNU assembler version 2.26.1 (x86_64-linux-gnu) using BFD version (GNU Binutils for Ubuntu) 2.26.1
COMPILER_PATH=/usr/lib/gcc/x86_64-linux-gnu/5/:/usr/lib/gcc/x86_64-linux-gnu/5/:/usr/lib/gcc/x86_64-linux-gnu/:/usr/lib/gcc/x86_64-linux-gnu/5/:/usr/lib/gcc/x86_64-linux-gnu/
LIBRARY_PATH=/usr/lib/gcc/x86_64-linux-gnu/5/:/usr/lib/gcc/x86_64-linux-gnu/5/../../../x86_64-linux-gnu/:/usr/lib/gcc/x86_64-linux-gnu/5/../../../../lib/:/lib/x86_64-linux-gnu/:/lib/../lib/:/usr/lib/x86_64-linux-gnu/:/usr/lib/../lib/:/usr/lib/gcc/x86_64-linux-gnu/5/../../../:/lib/:/usr/lib/
COLLECT_GCC_OPTIONS='-v' '-o' 'CMakeFiles/cmTC_6320a.dir/CMakeCXXCompilerABI.cpp.o' '-c' '-shared-libgcc' '-mtune=generic' '-march=x86-64'
Linking CXX executable cmTC_6320a
/home/zoukaixiang/3rdparty/clion-2021.1.1/bin/cmake/linux/bin/cmake -E cmake_link_script CMakeFiles/cmTC_6320a.dir/link.txt --verbose=1
/usr/bin/c++  -v -rdynamic CMakeFiles/cmTC_6320a.dir/CMakeCXXCompilerABI.cpp.o -o cmTC_6320a 
Using built-in specs.
COLLECT_GCC=/usr/bin/c++
COLLECT_LTO_WRAPPER=/usr/lib/gcc/x86_64-linux-gnu/5/lto-wrapper
Target: x86_64-linux-gnu
Configured with: ../src/configure -v --with-pkgversion='Ubuntu 5.4.0-6ubuntu1~16.04.12' --with-bugurl=file:///usr/share/doc/gcc-5/README.Bugs --enable-languages=c,ada,c++,java,go,d,fortran,objc,obj-c++ --prefix=/usr --program-suffix=-5 --enable-shared --enable-linker-build-id --libexecdir=/usr/lib --without-included-gettext --enable-threads=posix --libdir=/usr/lib --enable-nls --with-sysroot=/ --enable-clocale=gnu --enable-libstdcxx-debug --enable-libstdcxx-time=yes --with-default-libstdcxx-abi=new --enable-gnu-unique-object --disable-vtable-verify --enable-libmpx --enable-plugin --with-system-zlib --disable-browser-plugin --enable-java-awt=gtk --enable-gtk-cairo --with-java-home=/usr/lib/jvm/java-1.5.0-gcj-5-amd64/jre --enable-java-home --with-jvm-root-dir=/usr/lib/jvm/java-1.5.0-gcj-5-amd64 --with-jvm-jar-dir=/usr/lib/jvm-exports/java-1.5.0-gcj-5-amd64 --with-arch-directory=amd64 --with-ecj-jar=/usr/share/java/eclipse-ecj.jar --enable-objc-gc --enable-multiarch --disable-werror --with-arch-32=i686 --with-abi=m64 --with-multilib-list=m32,m64,mx32 --enable-multilib --with-tune=generic --enable-checking=release --build=x86_64-linux-gnu --host=x86_64-linux-gnu --target=x86_64-linux-gnu
Thread model: posix
gcc version 5.4.0 20160609 (Ubuntu 5.4.0-6ubuntu1~16.04.12) 
COMPILER_PATH=/usr/lib/gcc/x86_64-linux-gnu/5/:/usr/lib/gcc/x86_64-linux-gnu/5/:/usr/lib/gcc/x86_64-linux-gnu/:/usr/lib/gcc/x86_64-linux-gnu/5/:/usr/lib/gcc/x86_64-linux-gnu/
LIBRARY_PATH=/usr/lib/gcc/x86_64-linux-gnu/5/:/usr/lib/gcc/x86_64-linux-gnu/5/../../../x86_64-linux-gnu/:/usr/lib/gcc/x86_64-linux-gnu/5/../../../../lib/:/lib/x86_64-linux-gnu/:/lib/../lib/:/usr/lib/x86_64-linux-gnu/:/usr/lib/../lib/:/usr/lib/gcc/x86_64-linux-gnu/5/../../../:/lib/:/usr/lib/
COLLECT_GCC_OPTIONS='-v' '-rdynamic' '-o' 'cmTC_6320a' '-shared-libgcc' '-mtune=generic' '-march=x86-64'
 /usr/lib/gcc/x86_64-linux-gnu/5/collect2 -plugin /usr/lib/gcc/x86_64-linux-gnu/5/liblto_plugin.so -plugin-opt=/usr/lib/gcc/x86_64-linux-gnu/5/lto-wrapper -plugin-opt=-fresolution=/tmp/ccI6B9tx.res -plugin-opt=-pass-through=-lgcc_s -plugin-opt=-pass-through=-lgcc -plugin-opt=-pass-through=-lc -plugin-opt=-pass-through=-lgcc_s -plugin-opt=-pass-through=-lgcc --sysroot=/ --build-id --eh-frame-hdr -m elf_x86_64 --hash-style=gnu --as-needed -export-dynamic -dynamic-linker /lib64/ld-linux-x86-64.so.2 -z relro -o cmTC_6320a /usr/lib/gcc/x86_64-linux-gnu/5/../../../x86_64-linux-gnu/crt1.o /usr/lib/gcc/x86_64-linux-gnu/5/../../../x86_64-linux-gnu/crti.o /usr/lib/gcc/x86_64-linux-gnu/5/crtbegin.o -L/usr/lib/gcc/x86_64-linux-gnu/5 -L/usr/lib/gcc/x86_64-linux-gnu/5/../../../x86_64-linux-gnu -L/usr/lib/gcc/x86_64-linux-gnu/5/../../../../lib -L/lib/x86_64-linux-gnu -L/lib/../lib -L/usr/lib/x86_64-linux-gnu -L/usr/lib/../lib -L/usr/lib/gcc/x86_64-linux-gnu/5/../../.. CMakeFiles/cmTC_6320a.dir/CMakeCXXCompilerABI.cpp.o -lstdc++ -lm -lgcc_s -lgcc -lc -lgcc_s -lgcc /usr/lib/gcc/x86_64-linux-gnu/5/crtend.o /usr/lib/gcc/x86_64-linux-gnu/5/../../../x86_64-linux-gnu/crtn.o
make[1]: Leaving directory '/home/zoukaixiang/code/camodocal/cmake-build-debug/CMakeFiles/CMakeTmp'



Parsed CXX implicit include dir info from above output: rv=done
  found start of include info
  found start of implicit include info
    add: [/usr/include/c++/5]
    add: [/usr/include/x86_64-linux-gnu/c++/5]
    add: [/usr/include/c++/5/backward]
    add: [/usr/lib/gcc/x86_64-linux-gnu/5/include]
    add: [/usr/local/include]
    add: [/usr/lib/gcc/x86_64-linux-gnu/5/include-fixed]
    add: [/usr/include/x86_64-linux-gnu]
    add: [/usr/include]
  end of search list found
  collapse include dir [/usr/include/c++/5] ==> [/usr/include/c++/5]
  collapse include dir [/usr/include/x86_64-linux-gnu/c++/5] ==> [/usr/include/x86_64-linux-gnu/c++/5]
  collapse include dir [/usr/include/c++/5/backward] ==> [/usr/include/c++/5/backward]
  collapse include dir [/usr/lib/gcc/x86_64-linux-gnu/5/include] ==> [/usr/lib/gcc/x86_64-linux-gnu/5/include]
  collapse include dir [/usr/local/include] ==> [/usr/local/include]
  collapse include dir [/usr/lib/gcc/x86_64-linux-gnu/5/include-fixed] ==> [/usr/lib/gcc/x86_64-linux-gnu/5/include-fixed]
  collapse include dir [/usr/include/x86_64-linux-gnu] ==> [/usr/include/x86_64-linux-gnu]
  collapse include dir [/usr/include] ==> [/usr/include]
  implicit include dirs: [/usr/include/c++/5;/usr/include/x86_64-linux-gnu/c++/5;/usr/include/c++/5/backward;/usr/lib/gcc/x86_64-linux-gnu/5/include;/usr/local/include;/usr/lib/gcc/x86_64-linux-gnu/5/include-fixed;/usr/include/x86_64-linux-gnu;/usr/include]


Parsed CXX implicit link information from above output:
  link line regex: [^( *|.*[/\])(ld|CMAKE_LINK_STARTFILE-NOTFOUND|([^/\]+-)?ld|collect2)[^/\]*( |$)]
  ignore line: [Change Dir: /home/zoukaixiang/code/camodocal/cmake-build-debug/CMakeFiles/CMakeTmp]
  ignore line: []
  ignore line: [Run Build Command(s):/usr/bin/make cmTC_6320a/fast && /usr/bin/make  -f CMakeFiles/cmTC_6320a.dir/build.make CMakeFiles/cmTC_6320a.dir/build]
  ignore line: [make[1]: Entering directory '/home/zoukaixiang/code/camodocal/cmake-build-debug/CMakeFiles/CMakeTmp']
  ignore line: [Building CXX object CMakeFiles/cmTC_6320a.dir/CMakeCXXCompilerABI.cpp.o]
  ignore line: [/usr/bin/c++   -v -o CMakeFiles/cmTC_6320a.dir/CMakeCXXCompilerABI.cpp.o -c /home/zoukaixiang/3rdparty/clion-2021.1.1/bin/cmake/linux/share/cmake-3.19/Modules/CMakeCXXCompilerABI.cpp]
  ignore line: [Using built-in specs.]
  ignore line: [COLLECT_GCC=/usr/bin/c++]
  ignore line: [Target: x86_64-linux-gnu]
  ignore line: [Configured with: ../src/configure -v --with-pkgversion='Ubuntu 5.4.0-6ubuntu1~16.04.12' --with-bugurl=file:///usr/share/doc/gcc-5/README.Bugs --enable-languages=c ada c++ java go d fortran objc obj-c++ --prefix=/usr --program-suffix=-5 --enable-shared --enable-linker-build-id --libexecdir=/usr/lib --without-included-gettext --enable-threads=posix --libdir=/usr/lib --enable-nls --with-sysroot=/ --enable-clocale=gnu --enable-libstdcxx-debug --enable-libstdcxx-time=yes --with-default-libstdcxx-abi=new --enable-gnu-unique-object --disable-vtable-verify --enable-libmpx --enable-plugin --with-system-zlib --disable-browser-plugin --enable-java-awt=gtk --enable-gtk-cairo --with-java-home=/usr/lib/jvm/java-1.5.0-gcj-5-amd64/jre --enable-java-home --with-jvm-root-dir=/usr/lib/jvm/java-1.5.0-gcj-5-amd64 --with-jvm-jar-dir=/usr/lib/jvm-exports/java-1.5.0-gcj-5-amd64 --with-arch-directory=amd64 --with-ecj-jar=/usr/share/java/eclipse-ecj.jar --enable-objc-gc --enable-multiarch --disable-werror --with-arch-32=i686 --with-abi=m64 --with-multilib-list=m32 m64 mx32 --enable-multilib --with-tune=generic --enable-checking=release --build=x86_64-linux-gnu --host=x86_64-linux-gnu --target=x86_64-linux-gnu]
  ignore line: [Thread model: posix]
  ignore line: [gcc version 5.4.0 20160609 (Ubuntu 5.4.0-6ubuntu1~16.04.12) ]
  ignore line: [COLLECT_GCC_OPTIONS='-v' '-o' 'CMakeFiles/cmTC_6320a.dir/CMakeCXXCompilerABI.cpp.o' '-c' '-shared-libgcc' '-mtune=generic' '-march=x86-64']
  ignore line: [ /usr/lib/gcc/x86_64-linux-gnu/5/cc1plus -quiet -v -imultiarch x86_64-linux-gnu -D_GNU_SOURCE /home/zoukaixiang/3rdparty/clion-2021.1.1/bin/cmake/linux/share/cmake-3.19/Modules/CMakeCXXCompilerABI.cpp -quiet -dumpbase CMakeCXXCompilerABI.cpp -mtune=generic -march=x86-64 -auxbase-strip CMakeFiles/cmTC_6320a.dir/CMakeCXXCompilerABI.cpp.o -version -fstack-protector-strong -Wformat -Wformat-security -o /tmp/cceZ1W0s.s]
  ignore line: [GNU C++ (Ubuntu 5.4.0-6ubuntu1~16.04.12) version 5.4.0 20160609 (x86_64-linux-gnu)]
  ignore line: [	compiled by GNU C version 5.4.0 20160609  GMP version 6.1.0  MPFR version 3.1.4  MPC version 1.0.3]
  ignore line: [GGC heuristics: --param ggc-min-expand=100 --param ggc-min-heapsize=131072]
  ignore line: [ignoring duplicate directory "/usr/include/x86_64-linux-gnu/c++/5"]
  ignore line: [ignoring nonexistent directory "/usr/local/include/x86_64-linux-gnu"]
  ignore line: [ignoring nonexistent directory "/usr/lib/gcc/x86_64-linux-gnu/5/../../../../x86_64-linux-gnu/include"]
  ignore line: [#include "..." search starts here:]
  ignore line: [#include <...> search starts here:]
  ignore line: [ /usr/include/c++/5]
  ignore line: [ /usr/include/x86_64-linux-gnu/c++/5]
  ignore line: [ /usr/include/c++/5/backward]
  ignore line: [ /usr/lib/gcc/x86_64-linux-gnu/5/include]
  ignore line: [ /usr/local/include]
  ignore line: [ /usr/lib/gcc/x86_64-linux-gnu/5/include-fixed]
  ignore line: [ /usr/include/x86_64-linux-gnu]
  ignore line: [ /usr/include]
  ignore line: [End of search list.]
  ignore line: [GNU C++ (Ubuntu 5.4.0-6ubuntu1~16.04.12) version 5.4.0 20160609 (x86_64-linux-gnu)]
  ignore line: [	compiled by GNU C version 5.4.0 20160609  GMP version 6.1.0  MPFR version 3.1.4  MPC version 1.0.3]
  ignore line: [GGC heuristics: --param ggc-min-expand=100 --param ggc-min-heapsize=131072]
  ignore line: [Compiler executable checksum: 85af4995304287cdd19cfa43cf5d6cf1]
  ignore line: [COLLECT_GCC_OPTIONS='-v' '-o' 'CMakeFiles/cmTC_6320a.dir/CMakeCXXCompilerABI.cpp.o' '-c' '-shared-libgcc' '-mtune=generic' '-march=x86-64']
  ignore line: [ as -v --64 -o CMakeFiles/cmTC_6320a.dir/CMakeCXXCompilerABI.cpp.o /tmp/cceZ1W0s.s]
  ignore line: [GNU assembler version 2.26.1 (x86_64-linux-gnu) using BFD version (GNU Binutils for Ubuntu) 2.26.1]
  ignore line: [COMPILER_PATH=/usr/lib/gcc/x86_64-linux-gnu/5/:/usr/lib/gcc/x86_64-linux-gnu/5/:/usr/lib/gcc/x86_64-linux-gnu/:/usr/lib/gcc/x86_64-linux-gnu/5/:/usr/lib/gcc/x86_64-linux-gnu/]
  ignore line: [LIBRARY_PATH=/usr/lib/gcc/x86_64-linux-gnu/5/:/usr/lib/gcc/x86_64-linux-gnu/5/../../../x86_64-linux-gnu/:/usr/lib/gcc/x86_64-linux-gnu/5/../../../../lib/:/lib/x86_64-linux-gnu/:/lib/../lib/:/usr/lib/x86_64-linux-gnu/:/usr/lib/../lib/:/usr/lib/gcc/x86_64-linux-gnu/5/../../../:/lib/:/usr/lib/]
  ignore line: [COLLECT_GCC_OPTIONS='-v' '-o' 'CMakeFiles/cmTC_6320a.dir/CMakeCXXCompilerABI.cpp.o' '-c' '-shared-libgcc' '-mtune=generic' '-march=x86-64']
  ignore line: [Linking CXX executable cmTC_6320a]
  ignore line: [/home/zoukaixiang/3rdparty/clion-2021.1.1/bin/cmake/linux/bin/cmake -E cmake_link_script CMakeFiles/cmTC_6320a.dir/link.txt --verbose=1]
  ignore line: [/usr/bin/c++  -v -rdynamic CMakeFiles/cmTC_6320a.dir/CMakeCXXCompilerABI.cpp.o -o cmTC_6320a ]
  ignore line: [Using built-in specs.]
  ignore line: [COLLECT_GCC=/usr/bin/c++]
  ignore line: [COLLECT_LTO_WRAPPER=/usr/lib/gcc/x86_64-linux-gnu/5/lto-wrapper]
  ignore line: [Target: x86_64-linux-gnu]
  ignore line: [Configured with: ../src/configure -v --with-pkgversion='Ubuntu 5.4.0-6ubuntu1~16.04.12' --with-bugurl=file:///usr/share/doc/gcc-5/README.Bugs --enable-languages=c ada c++ java go d fortran objc obj-c++ --prefix=/usr --program-suffix=-5 --enable-shared --enable-linker-build-id --libexecdir=/usr/lib --without-included-gettext --enable-threads=posix --libdir=/usr/lib --enable-nls --with-sysroot=/ --enable-clocale=gnu --enable-libstdcxx-debug --enable-libstdcxx-time=yes --with-default-libstdcxx-abi=new --enable-gnu-unique-object --disable-vtable-verify --enable-libmpx --enable-plugin --with-system-zlib --disable-browser-plugin --enable-java-awt=gtk --enable-gtk-cairo --with-java-home=/usr/lib/jvm/java-1.5.0-gcj-5-amd64/jre --enable-java-home --with-jvm-root-dir=/usr/lib/jvm/java-1.5.0-gcj-5-amd64 --with-jvm-jar-dir=/usr/lib/jvm-exports/java-1.5.0-gcj-5-amd64 --with-arch-directory=amd64 --with-ecj-jar=/usr/share/java/eclipse-ecj.jar --enable-objc-gc --enable-multiarch --disable-werror --with-arch-32=i686 --with-abi=m64 --with-multilib-list=m32 m64 mx32 --enable-multilib --with-tune=generic --enable-checking=release --build=x86_64-linux-gnu --host=x86_64-linux-gnu --target=x86_64-linux-gnu]
  ignore line: [Thread model: posix]
  ignore line: [gcc version 5.4.0 20160609 (Ubuntu 5.4.0-6ubuntu1~16.04.12) ]
  ignore line: [COMPILER_PATH=/usr/lib/gcc/x86_64-linux-gnu/5/:/usr/lib/gcc/x86_64-linux-gnu/5/:/usr/lib/gcc/x86_64-linux-gnu/:/usr/lib/gcc/x86_64-linux-gnu/5/:/usr/lib/gcc/x86_64-linux-gnu/]
  ignore line: [LIBRARY_PATH=/usr/lib/gcc/x86_64-linux-gnu/5/:/usr/lib/gcc/x86_64-linux-gnu/5/../../../x86_64-linux-gnu/:/usr/lib/gcc/x86_64-linux-gnu/5/../../../../lib/:/lib/x86_64-linux-gnu/:/lib/../lib/:/usr/lib/x86_64-linux-gnu/:/usr/lib/../lib/:/usr/lib/gcc/x86_64-linux-gnu/5/../../../:/lib/:/usr/lib/]
  ignore line: [COLLECT_GCC_OPTIONS='-v' '-rdynamic' '-o' 'cmTC_6320a' '-shared-libgcc' '-mtune=generic' '-march=x86-64']
  link line: [ /usr/lib/gcc/x86_64-linux-gnu/5/collect2 -plugin /usr/lib/gcc/x86_64-linux-gnu/5/liblto_plugin.so -plugin-opt=/usr/lib/gcc/x86_64-linux-gnu/5/lto-wrapper -plugin-opt=-fresolution=/tmp/ccI6B9tx.res -plugin-opt=-pass-through=-lgcc_s -plugin-opt=-pass-through=-lgcc -plugin-opt=-pass-through=-lc -plugin-opt=-pass-through=-lgcc_s -plugin-opt=-pass-through=-lgcc --sysroot=/ --build-id --eh-frame-hdr -m elf_x86_64 --hash-style=gnu --as-needed -export-dynamic -dynamic-linker /lib64/ld-linux-x86-64.so.2 -z relro -o cmTC_6320a /usr/lib/gcc/x86_64-linux-gnu/5/../../../x86_64-linux-gnu/crt1.o /usr/lib/gcc/x86_64-linux-gnu/5/../../../x86_64-linux-gnu/crti.o /usr/lib/gcc/x86_64-linux-gnu/5/crtbegin.o -L/usr/lib/gcc/x86_64-linux-gnu/5 -L/usr/lib/gcc/x86_64-linux-gnu/5/../../../x86_64-linux-gnu -L/usr/lib/gcc/x86_64-linux-gnu/5/../../../../lib -L/lib/x86_64-linux-gnu -L/lib/../lib -L/usr/lib/x86_64-linux-gnu -L/usr/lib/../lib -L/usr/lib/gcc/x86_64-linux-gnu/5/../../.. CMakeFiles/cmTC_6320a.dir/CMakeCXXCompilerABI.cpp.o -lstdc++ -lm -lgcc_s -lgcc -lc -lgcc_s -lgcc /usr/lib/gcc/x86_64-linux-gnu/5/crtend.o /usr/lib/gcc/x86_64-linux-gnu/5/../../../x86_64-linux-gnu/crtn.o]
    arg [/usr/lib/gcc/x86_64-linux-gnu/5/collect2] ==> ignore
    arg [-plugin] ==> ignore
    arg [/usr/lib/gcc/x86_64-linux-gnu/5/liblto_plugin.so] ==> ignore
    arg [-plugin-opt=/usr/lib/gcc/x86_64-linux-gnu/5/lto-wrapper] ==> ignore
    arg [-plugin-opt=-fresolution=/tmp/ccI6B9tx.res] ==> ignore
    arg [-plugin-opt=-pass-through=-lgcc_s] ==> ignore
    arg [-plugin-opt=-pass-through=-lgcc] ==> ignore
    arg [-plugin-opt=-pass-through=-lc] ==> ignore
    arg [-plugin-opt=-pass-through=-lgcc_s] ==> ignore
    arg [-plugin-opt=-pass-through=-lgcc] ==> ignore
    arg [--sysroot=/] ==> ignore
    arg [--build-id] ==> ignore
    arg [--eh-frame-hdr] ==> ignore
    arg [-m] ==> ignore
    arg [elf_x86_64] ==> ignore
    arg [--hash-style=gnu] ==> ignore
    arg [--as-needed] ==> ignore
    arg [-export-dynamic] ==> ignore
    arg [-dynamic-linker] ==> ignore
    arg [/lib64/ld-linux-x86-64.so.2] ==> ignore
    arg [-zrelro] ==> ignore
    arg [-o] ==> ignore
    arg [cmTC_6320a] ==> ignore
    arg [/usr/lib/gcc/x86_64-linux-gnu/5/../../../x86_64-linux-gnu/crt1.o] ==> ignore
    arg [/usr/lib/gcc/x86_64-linux-gnu/5/../../../x86_64-linux-gnu/crti.o] ==> ignore
    arg [/usr/lib/gcc/x86_64-linux-gnu/5/crtbegin.o] ==> ignore
    arg [-L/usr/lib/gcc/x86_64-linux-gnu/5] ==> dir [/usr/lib/gcc/x86_64-linux-gnu/5]
    arg [-L/usr/lib/gcc/x86_64-linux-gnu/5/../../../x86_64-linux-gnu] ==> dir [/usr/lib/gcc/x86_64-linux-gnu/5/../../../x86_64-linux-gnu]
    arg [-L/usr/lib/gcc/x86_64-linux-gnu/5/../../../../lib] ==> dir [/usr/lib/gcc/x86_64-linux-gnu/5/../../../../lib]
    arg [-L/lib/x86_64-linux-gnu] ==> dir [/lib/x86_64-linux-gnu]
    arg [-L/lib/../lib] ==> dir [/lib/../lib]
    arg [-L/usr/lib/x86_64-linux-gnu] ==> dir [/usr/lib/x86_64-linux-gnu]
    arg [-L/usr/lib/../lib] ==> dir [/usr/lib/../lib]
    arg [-L/usr/lib/gcc/x86_64-linux-gnu/5/../../..] ==> dir [/usr/lib/gcc/x86_64-linux-gnu/5/../../..]
    arg [CMakeFiles/cmTC_6320a.dir/CMakeCXXCompilerABI.cpp.o] ==> ignore
    arg [-lstdc++] ==> lib [stdc++]
    arg [-lm] ==> lib [m]
    arg [-lgcc_s] ==> lib [gcc_s]
    arg [-lgcc] ==> lib [gcc]
    arg [-lc] ==> lib [c]
    arg [-lgcc_s] ==> lib [gcc_s]
    arg [-lgcc] ==> lib [gcc]
    arg [/usr/lib/gcc/x86_64-linux-gnu/5/crtend.o] ==> ignore
    arg [/usr/lib/gcc/x86_64-linux-gnu/5/../../../x86_64-linux-gnu/crtn.o] ==> ignore
  collapse library dir [/usr/lib/gcc/x86_64-linux-gnu/5] ==> [/usr/lib/gcc/x86_64-linux-gnu/5]
  collapse library dir [/usr/lib/gcc/x86_64-linux-gnu/5/../../../x86_64-linux-gnu] ==> [/usr/lib/x86_64-linux-gnu]
  collapse library dir [/usr/lib/gcc/x86_64-linux-gnu/5/../../../../lib] ==> [/usr/lib]
  collapse library dir [/lib/x86_64-linux-gnu] ==> [/lib/x86_64-linux-gnu]
  collapse library dir [/lib/../lib] ==> [/lib]
  collapse library dir [/usr/lib/x86_64-linux-gnu] ==> [/usr/lib/x86_64-linux-gnu]
  collapse library dir [/usr/lib/../lib] ==> [/usr/lib]
  collapse library dir [/usr/lib/gcc/x86_64-linux-gnu/5/../../..] ==> [/usr/lib]
  implicit libs: [stdc++;m;gcc_s;gcc;c;gcc_s;gcc]
  implicit dirs: [/usr/lib/gcc/x86_64-linux-gnu/5;/usr/lib/x86_64-linux-gnu;/usr/lib;/lib/x86_64-linux-gnu;/lib]
  implicit fwks: []


Performing C++ SOURCE FILE Test COMPILER_SUPPORTS_CXX11 succeeded with the following output:
Change Dir: /home/zoukaixiang/code/camodocal/cmake-build-debug/CMakeFiles/CMakeTmp

Run Build Command(s):/usr/bin/make cmTC_f65ea/fast && /usr/bin/make  -f CMakeFiles/cmTC_f65ea.dir/build.make CMakeFiles/cmTC_f65ea.dir/build
make[1]: Entering directory '/home/zoukaixiang/code/camodocal/cmake-build-debug/CMakeFiles/CMakeTmp'
Building CXX object CMakeFiles/cmTC_f65ea.dir/src.cxx.o
/usr/bin/c++ -DCOMPILER_SUPPORTS_CXX11  -std=c++11 -o CMakeFiles/cmTC_f65ea.dir/src.cxx.o -c /home/zoukaixiang/code/camodocal/cmake-build-debug/CMakeFiles/CMakeTmp/src.cxx
Linking CXX executable cmTC_f65ea
/home/zoukaixiang/3rdparty/clion-2021.1.1/bin/cmake/linux/bin/cmake -E cmake_link_script CMakeFiles/cmTC_f65ea.dir/link.txt --verbose=1
/usr/bin/c++ -rdynamic CMakeFiles/cmTC_f65ea.dir/src.cxx.o -o cmTC_f65ea 
make[1]: Leaving directory '/home/zoukaixiang/code/camodocal/cmake-build-debug/CMakeFiles/CMakeTmp'


Source file was:
int main() { return 0; }
Performing C++ SOURCE FILE Test COMPILER_SUPPORTS_CXX0X succeeded with the following output:
Change Dir: /home/zoukaixiang/code/camodocal/cmake-build-debug/CMakeFiles/CMakeTmp

Run Build Command(s):/usr/bin/make cmTC_20d53/fast && /usr/bin/make  -f CMakeFiles/cmTC_20d53.dir/build.make CMakeFiles/cmTC_20d53.dir/build
make[1]: Entering directory '/home/zoukaixiang/code/camodocal/cmake-build-debug/CMakeFiles/CMakeTmp'
Building CXX object CMakeFiles/cmTC_20d53.dir/src.cxx.o
/usr/bin/c++ -DCOMPILER_SUPPORTS_CXX0X  -std=c++0x -o CMakeFiles/cmTC_20d53.dir/src.cxx.o -c /home/zoukaixiang/code/camodocal/cmake-build-debug/CMakeFiles/CMakeTmp/src.cxx
Linking CXX executable cmTC_20d53
/home/zoukaixiang/3rdparty/clion-2021.1.1/bin/cmake/linux/bin/cmake -E cmake_link_script CMakeFiles/cmTC_20d53.dir/link.txt --verbose=1
/usr/bin/c++ -rdynamic CMakeFiles/cmTC_20d53.dir/src.cxx.o -o cmTC_20d53 
make[1]: Leaving directory '/home/zoukaixiang/code/camodocal/cmake-build-debug/CMakeFiles/CMakeTmp'


Source file was:
int main() { return 0; }
Determining if the function sgemm_ exists passed with the following output:
Change Dir: /home/zoukaixiang/code/camodocal/cmake-build-debug/CMakeFiles/CMakeTmp

Run Build Command(s):/usr/bin/make cmTC_5ac35/fast && /usr/bin/make  -f CMakeFiles/cmTC_5ac35.dir/build.make CMakeFiles/cmTC_5ac35.dir/build
make[1]: Entering directory '/home/zoukaixiang/code/camodocal/cmake-build-debug/CMakeFiles/CMakeTmp'
Building C object CMakeFiles/cmTC_5ac35.dir/CheckFunctionExists.c.o
/usr/bin/cc -DBLAS_USE_F2C  -DCHECK_FUNCTION_EXISTS=sgemm_ -o CMakeFiles/cmTC_5ac35.dir/CheckFunctionExists.c.o -c /home/zoukaixiang/3rdparty/clion-2021.1.1/bin/cmake/linux/share/cmake-3.19/Modules/CheckFunctionExists.c
Linking C executable cmTC_5ac35
/home/zoukaixiang/3rdparty/clion-2021.1.1/bin/cmake/linux/bin/cmake -E cmake_link_script CMakeFiles/cmTC_5ac35.dir/link.txt --verbose=1
/usr/bin/cc  -DCHECK_FUNCTION_EXISTS=sgemm_ -rdynamic CMakeFiles/cmTC_5ac35.dir/CheckFunctionExists.c.o -o cmTC_5ac35  /usr/lib/libblas.so 
make[1]: Leaving directory '/home/zoukaixiang/code/camodocal/cmake-build-debug/CMakeFiles/CMakeTmp'



Performing C SOURCE FILE Test OpenMP_FLAG_DETECTED succeeded with the following output:
Change Dir: /home/zoukaixiang/code/camodocal/cmake-build-debug/CMakeFiles/CMakeTmp

Run Build Command(s):/usr/bin/make cmTC_607a5/fast && /usr/bin/make  -f CMakeFiles/cmTC_607a5.dir/build.make CMakeFiles/cmTC_607a5.dir/build
make[1]: Entering directory '/home/zoukaixiang/code/camodocal/cmake-build-debug/CMakeFiles/CMakeTmp'
Building C object CMakeFiles/cmTC_607a5.dir/src.c.o
/usr/bin/cc -DBLAS_USE_F2C -DOpenMP_FLAG_DETECTED  -fopenmp -o CMakeFiles/cmTC_607a5.dir/src.c.o -c /home/zoukaixiang/code/camodocal/cmake-build-debug/CMakeFiles/CMakeTmp/src.c
Linking C executable cmTC_607a5
/home/zoukaixiang/3rdparty/clion-2021.1.1/bin/cmake/linux/bin/cmake -E cmake_link_script CMakeFiles/cmTC_607a5.dir/link.txt --verbose=1
/usr/bin/cc  -fopenmp -rdynamic CMakeFiles/cmTC_607a5.dir/src.c.o -o cmTC_607a5 
make[1]: Leaving directory '/home/zoukaixiang/code/camodocal/cmake-build-debug/CMakeFiles/CMakeTmp'


Source file was:

#include <omp.h>
int main() { 
#ifdef _OPENMP
  return 0; 
#else
  breaks_on_purpose
#endif
}

Performing C++ SOURCE FILE Test OpenMP_FLAG_DETECTED succeeded with the following output:
Change Dir: /home/zoukaixiang/code/camodocal/cmake-build-debug/CMakeFiles/CMakeTmp

Run Build Command(s):/usr/bin/make cmTC_df719/fast && /usr/bin/make  -f CMakeFiles/cmTC_df719.dir/build.make CMakeFiles/cmTC_df719.dir/build
make[1]: Entering directory '/home/zoukaixiang/code/camodocal/cmake-build-debug/CMakeFiles/CMakeTmp'
Building CXX object CMakeFiles/cmTC_df719.dir/src.cxx.o
/usr/bin/c++ -DBLAS_USE_F2C -DOpenMP_FLAG_DETECTED  -std=c++11 -fopenmp -o CMakeFiles/cmTC_df719.dir/src.cxx.o -c /home/zoukaixiang/code/camodocal/cmake-build-debug/CMakeFiles/CMakeTmp/src.cxx
Linking CXX executable cmTC_df719
/home/zoukaixiang/3rdparty/clion-2021.1.1/bin/cmake/linux/bin/cmake -E cmake_link_script CMakeFiles/cmTC_df719.dir/link.txt --verbose=1
/usr/bin/c++  -std=c++11 -fopenmp -rdynamic CMakeFiles/cmTC_df719.dir/src.cxx.o -o cmTC_df719 
make[1]: Leaving directory '/home/zoukaixiang/code/camodocal/cmake-build-debug/CMakeFiles/CMakeTmp'


Source file was:

#include <omp.h>
int main() { 
#ifdef _OPENMP
  return 0; 
#else
  breaks_on_purpose
#endif
}

Determining if the include file pthread.h exists passed with the following output:
Change Dir: /home/zoukaixiang/code/camodocal/cmake-build-debug/CMakeFiles/CMakeTmp

Run Build Command(s):/usr/bin/make cmTC_c9407/fast && /usr/bin/make  -f CMakeFiles/cmTC_c9407.dir/build.make CMakeFiles/cmTC_c9407.dir/build
make[1]: Entering directory '/home/zoukaixiang/code/camodocal/cmake-build-debug/CMakeFiles/CMakeTmp'
Building C object CMakeFiles/cmTC_c9407.dir/CheckIncludeFile.c.o
/usr/bin/cc -DBLAS_USE_F2C   -o CMakeFiles/cmTC_c9407.dir/CheckIncludeFile.c.o -c /home/zoukaixiang/code/camodocal/cmake-build-debug/CMakeFiles/CMakeTmp/CheckIncludeFile.c
Linking C executable cmTC_c9407
/home/zoukaixiang/3rdparty/clion-2021.1.1/bin/cmake/linux/bin/cmake -E cmake_link_script CMakeFiles/cmTC_c9407.dir/link.txt --verbose=1
/usr/bin/cc -rdynamic CMakeFiles/cmTC_c9407.dir/CheckIncludeFile.c.o -o cmTC_c9407 
make[1]: Leaving directory '/home/zoukaixiang/code/camodocal/cmake-build-debug/CMakeFiles/CMakeTmp'



Determining if the function pthread_create exists in the pthread passed with the following output:
Change Dir: /home/zoukaixiang/code/camodocal/cmake-build-debug/CMakeFiles/CMakeTmp

Run Build Command(s):/usr/bin/make cmTC_b3ab8/fast && /usr/bin/make  -f CMakeFiles/cmTC_b3ab8.dir/build.make CMakeFiles/cmTC_b3ab8.dir/build
make[1]: Entering directory '/home/zoukaixiang/code/camodocal/cmake-build-debug/CMakeFiles/CMakeTmp'
Building C object CMakeFiles/cmTC_b3ab8.dir/CheckFunctionExists.c.o
/usr/bin/cc -DBLAS_USE_F2C  -DCHECK_FUNCTION_EXISTS=pthread_create -o CMakeFiles/cmTC_b3ab8.dir/CheckFunctionExists.c.o -c /home/zoukaixiang/3rdparty/clion-2021.1.1/bin/cmake/linux/share/cmake-3.19/Modules/CheckFunctionExists.c
Linking C executable cmTC_b3ab8
/home/zoukaixiang/3rdparty/clion-2021.1.1/bin/cmake/linux/bin/cmake -E cmake_link_script CMakeFiles/cmTC_b3ab8.dir/link.txt --verbose=1
/usr/bin/cc  -DCHECK_FUNCTION_EXISTS=pthread_create -rdynamic CMakeFiles/cmTC_b3ab8.dir/CheckFunctionExists.c.o -o cmTC_b3ab8  -lpthread 
make[1]: Leaving directory '/home/zoukaixiang/code/camodocal/cmake-build-debug/CMakeFiles/CMakeTmp'



Determining if the include file opencv2/face/facerec.hpp exists passed with the following output:
Change Dir: /home/zoukaixiang/code/camodocal/cmake-build-debug/CMakeFiles/CMakeTmp

Run Build Command(s):/usr/bin/make cmTC_afbb7/fast && /usr/bin/make  -f CMakeFiles/cmTC_afbb7.dir/build.make CMakeFiles/cmTC_afbb7.dir/build
make[1]: Entering directory '/home/zoukaixiang/code/camodocal/cmake-build-debug/CMakeFiles/CMakeTmp'
Building CXX object CMakeFiles/cmTC_afbb7.dir/CheckIncludeFile.cxx.o
/usr/bin/c++ -DBLAS_USE_F2C  -std=c++11  -o CMakeFiles/cmTC_afbb7.dir/CheckIncludeFile.cxx.o -c /home/zoukaixiang/code/camodocal/cmake-build-debug/CMakeFiles/CMakeTmp/CheckIncludeFile.cxx
Linking CXX executable cmTC_afbb7
/home/zoukaixiang/3rdparty/clion-2021.1.1/bin/cmake/linux/bin/cmake -E cmake_link_script CMakeFiles/cmTC_afbb7.dir/link.txt --verbose=1
/usr/bin/c++  -std=c++11  -rdynamic CMakeFiles/cmTC_afbb7.dir/CheckIncludeFile.cxx.o -o cmTC_afbb7 
make[1]: Leaving directory '/home/zoukaixiang/code/camodocal/cmake-build-debug/CMakeFiles/CMakeTmp'



Determining if the include file opencv2/xfeatures2d/nonfree.hpp exists passed with the following output:
Change Dir: /home/zoukaixiang/code/camodocal/cmake-build-debug/CMakeFiles/CMakeTmp

Run Build Command(s):/usr/bin/make cmTC_90974/fast && /usr/bin/make  -f CMakeFiles/cmTC_90974.dir/build.make CMakeFiles/cmTC_90974.dir/build
make[1]: Entering directory '/home/zoukaixiang/code/camodocal/cmake-build-debug/CMakeFiles/CMakeTmp'
Building CXX object CMakeFiles/cmTC_90974.dir/CheckIncludeFile.cxx.o
/usr/bin/c++ -DBLAS_USE_F2C  -std=c++11  -o CMakeFiles/cmTC_90974.dir/CheckIncludeFile.cxx.o -c /home/zoukaixiang/code/camodocal/cmake-build-debug/CMakeFiles/CMakeTmp/CheckIncludeFile.cxx
Linking CXX executable cmTC_90974
/home/zoukaixiang/3rdparty/clion-2021.1.1/bin/cmake/linux/bin/cmake -E cmake_link_script CMakeFiles/cmTC_90974.dir/link.txt --verbose=1
/usr/bin/c++  -std=c++11  -rdynamic CMakeFiles/cmTC_90974.dir/CheckIncludeFile.cxx.o -o cmTC_90974 
make[1]: Leaving directory '/home/zoukaixiang/code/camodocal/cmake-build-debug/CMakeFiles/CMakeTmp'



Performing C++ SOURCE FILE Test SUPPORTS_SSE41 succeeded with the following compile output:
Change Dir: /home/zoukaixiang/code/camodocal/cmake-build-debug/CMakeFiles/CMakeTmp

Run Build Command(s):/usr/bin/make cmTC_3fe8a/fast && /usr/bin/make  -f CMakeFiles/cmTC_3fe8a.dir/build.make CMakeFiles/cmTC_3fe8a.dir/build
make[1]: Entering directory '/home/zoukaixiang/code/camodocal/cmake-build-debug/CMakeFiles/CMakeTmp'
Building CXX object CMakeFiles/cmTC_3fe8a.dir/src.cxx.o
/usr/bin/c++ -DBLAS_USE_F2C -DSUPPORTS_SSE41  -std=c++11 -msse4.1 -o CMakeFiles/cmTC_3fe8a.dir/src.cxx.o -c /home/zoukaixiang/code/camodocal/cmake-build-debug/CMakeFiles/CMakeTmp/src.cxx
Linking CXX executable cmTC_3fe8a
/home/zoukaixiang/3rdparty/clion-2021.1.1/bin/cmake/linux/bin/cmake -E cmake_link_script CMakeFiles/cmTC_3fe8a.dir/link.txt --verbose=1
/usr/bin/c++  -std=c++11 -msse4.1 -rdynamic CMakeFiles/cmTC_3fe8a.dir/src.cxx.o -o cmTC_3fe8a 
make[1]: Leaving directory '/home/zoukaixiang/code/camodocal/cmake-build-debug/CMakeFiles/CMakeTmp'


...and run output:

Return value: 1
Source file was:

    #include <smmintrin.h>
  
    int main()
    {
       __m128d a, b;
       double vals[2] = {0};
       a = _mm_loadu_pd(vals);
       b = _mm_hadd_pd(a,a);
       _mm_storeu_pd(vals, b);
       return 0;
    }
Performing C++ SOURCE FILE Test SUPPORTS_SSE3 succeeded with the following compile output:
Change Dir: /home/zoukaixiang/code/camodocal/cmake-build-debug/CMakeFiles/CMakeTmp

Run Build Command(s):/usr/bin/make cmTC_dbef2/fast && /usr/bin/make  -f CMakeFiles/cmTC_dbef2.dir/build.make CMakeFiles/cmTC_dbef2.dir/build
make[1]: Entering directory '/home/zoukaixiang/code/camodocal/cmake-build-debug/CMakeFiles/CMakeTmp'
Building CXX object CMakeFiles/cmTC_dbef2.dir/src.cxx.o
/usr/bin/c++ -DBLAS_USE_F2C -DSUPPORTS_SSE3  -std=c++11 -msse3 -o CMakeFiles/cmTC_dbef2.dir/src.cxx.o -c /home/zoukaixiang/code/camodocal/cmake-build-debug/CMakeFiles/CMakeTmp/src.cxx
Linking CXX executable cmTC_dbef2
/home/zoukaixiang/3rdparty/clion-2021.1.1/bin/cmake/linux/bin/cmake -E cmake_link_script CMakeFiles/cmTC_dbef2.dir/link.txt --verbose=1
/usr/bin/c++  -std=c++11 -msse3 -rdynamic CMakeFiles/cmTC_dbef2.dir/src.cxx.o -o cmTC_dbef2 
make[1]: Leaving directory '/home/zoukaixiang/code/camodocal/cmake-build-debug/CMakeFiles/CMakeTmp'


...and run output:

Return value: 1
Source file was:

    #include <pmmintrin.h>
  
    int main()
    {
       __m128d a, b;
       double vals[2] = {0};
       a = _mm_loadu_pd(vals);
       b = _mm_hadd_pd(a,a);
       _mm_storeu_pd(vals, b);
       return 0;
    }
Performing C++ SOURCE FILE Test SUPPORTS_SSE2 succeeded with the following compile output:
Change Dir: /home/zoukaixiang/code/camodocal/cmake-build-debug/CMakeFiles/CMakeTmp

Run Build Command(s):/usr/bin/make cmTC_6584a/fast && /usr/bin/make  -f CMakeFiles/cmTC_6584a.dir/build.make CMakeFiles/cmTC_6584a.dir/build
make[1]: Entering directory '/home/zoukaixiang/code/camodocal/cmake-build-debug/CMakeFiles/CMakeTmp'
Building CXX object CMakeFiles/cmTC_6584a.dir/src.cxx.o
/usr/bin/c++ -DBLAS_USE_F2C -DSUPPORTS_SSE2  -std=c++11 -msse2 -o CMakeFiles/cmTC_6584a.dir/src.cxx.o -c /home/zoukaixiang/code/camodocal/cmake-build-debug/CMakeFiles/CMakeTmp/src.cxx
Linking CXX executable cmTC_6584a
/home/zoukaixiang/3rdparty/clion-2021.1.1/bin/cmake/linux/bin/cmake -E cmake_link_script CMakeFiles/cmTC_6584a.dir/link.txt --verbose=1
/usr/bin/c++  -std=c++11 -msse2 -rdynamic CMakeFiles/cmTC_6584a.dir/src.cxx.o -o cmTC_6584a 
make[1]: Leaving directory '/home/zoukaixiang/code/camodocal/cmake-build-debug/CMakeFiles/CMakeTmp'


...and run output:

Return value: 1
Source file was:

    #include <emmintrin.h>
  
    int main()
    {
        __m128d a, b;
        double vals[2] = {0};
        a = _mm_loadu_pd(vals);
        b = _mm_add_pd(a,a);
        _mm_storeu_pd(vals,b);
        return 0;
     }
Performing C++ SOURCE FILE Test SUPPORTS_SSE1 succeeded with the following compile output:
Change Dir: /home/zoukaixiang/code/camodocal/cmake-build-debug/CMakeFiles/CMakeTmp

Run Build Command(s):/usr/bin/make cmTC_d3231/fast && /usr/bin/make  -f CMakeFiles/cmTC_d3231.dir/build.make CMakeFiles/cmTC_d3231.dir/build
make[1]: Entering directory '/home/zoukaixiang/code/camodocal/cmake-build-debug/CMakeFiles/CMakeTmp'
Building CXX object CMakeFiles/cmTC_d3231.dir/src.cxx.o
/usr/bin/c++ -DBLAS_USE_F2C -DSUPPORTS_SSE1  -std=c++11 -msse -o CMakeFiles/cmTC_d3231.dir/src.cxx.o -c /home/zoukaixiang/code/camodocal/cmake-build-debug/CMakeFiles/CMakeTmp/src.cxx
Linking CXX executable cmTC_d3231
/home/zoukaixiang/3rdparty/clion-2021.1.1/bin/cmake/linux/bin/cmake -E cmake_link_script CMakeFiles/cmTC_d3231.dir/link.txt --verbose=1
/usr/bin/c++  -std=c++11 -msse -rdynamic CMakeFiles/cmTC_d3231.dir/src.cxx.o -o cmTC_d3231 
make[1]: Leaving directory '/home/zoukaixiang/code/camodocal/cmake-build-debug/CMakeFiles/CMakeTmp'


...and run output:

Return value: 1
Source file was:

    #include <xmmintrin.h>
    int main()
    {
        __m128 a, b;
        float vals[4] = {0};
        a = _mm_loadu_ps(vals);
        b = a;
        b = _mm_add_ps(a,b);
        _mm_storeu_ps(vals,b);
        return 0;
    }
Determining if the include file sys/types.h exists passed with the following output:
Change Dir: /home/zoukaixiang/code/camodocal/cmake-build-debug/CMakeFiles/CMakeTmp

Run Build Command(s):/usr/bin/make cmTC_17068/fast && /usr/bin/make  -f CMakeFiles/cmTC_17068.dir/build.make CMakeFiles/cmTC_17068.dir/build
make[1]: Entering directory '/home/zoukaixiang/code/camodocal/cmake-build-debug/CMakeFiles/CMakeTmp'
Building C object CMakeFiles/cmTC_17068.dir/CheckIncludeFile.c.o
/usr/bin/cc -DBLAS_USE_F2C  -Wall -fPIC -fpermissive -mfpmath=sse -msse4.1 -std=c++11  -o CMakeFiles/cmTC_17068.dir/CheckIncludeFile.c.o -c /home/zoukaixiang/code/camodocal/cmake-build-debug/CMakeFiles/CMakeTmp/CheckIncludeFile.c
cc1: warning: command line option -std=c++11 is valid for C++/ObjC++ but not for C
cc1: warning: command line option -fpermissive is valid for C++/ObjC++ but not for C
Linking C executable cmTC_17068
/home/zoukaixiang/3rdparty/clion-2021.1.1/bin/cmake/linux/bin/cmake -E cmake_link_script CMakeFiles/cmTC_17068.dir/link.txt --verbose=1
/usr/bin/cc -Wall -fPIC -fpermissive -mfpmath=sse -msse4.1 -std=c++11  -rdynamic CMakeFiles/cmTC_17068.dir/CheckIncludeFile.c.o -o cmTC_17068 
make[1]: Leaving directory '/home/zoukaixiang/code/camodocal/cmake-build-debug/CMakeFiles/CMakeTmp'



Determining if the include file stdint.h exists passed with the following output:
Change Dir: /home/zoukaixiang/code/camodocal/cmake-build-debug/CMakeFiles/CMakeTmp

Run Build Command(s):/usr/bin/make cmTC_68f2c/fast && /usr/bin/make  -f CMakeFiles/cmTC_68f2c.dir/build.make CMakeFiles/cmTC_68f2c.dir/build
make[1]: Entering directory '/home/zoukaixiang/code/camodocal/cmake-build-debug/CMakeFiles/CMakeTmp'
Building C object CMakeFiles/cmTC_68f2c.dir/CheckIncludeFile.c.o
/usr/bin/cc -DBLAS_USE_F2C  -Wall -fPIC -fpermissive -mfpmath=sse -msse4.1 -std=c++11  -o CMakeFiles/cmTC_68f2c.dir/CheckIncludeFile.c.o -c /home/zoukaixiang/code/camodocal/cmake-build-debug/CMakeFiles/CMakeTmp/CheckIncludeFile.c
cc1: warning: command line option -std=c++11 is valid for C++/ObjC++ but not for C
cc1: warning: command line option -fpermissive is valid for C++/ObjC++ but not for C
Linking C executable cmTC_68f2c
/home/zoukaixiang/3rdparty/clion-2021.1.1/bin/cmake/linux/bin/cmake -E cmake_link_script CMakeFiles/cmTC_68f2c.dir/link.txt --verbose=1
/usr/bin/cc -Wall -fPIC -fpermissive -mfpmath=sse -msse4.1 -std=c++11  -rdynamic CMakeFiles/cmTC_68f2c.dir/CheckIncludeFile.c.o -o cmTC_68f2c 
make[1]: Leaving directory '/home/zoukaixiang/code/camodocal/cmake-build-debug/CMakeFiles/CMakeTmp'



Determining if the include file stddef.h exists passed with the following output:
Change Dir: /home/zoukaixiang/code/camodocal/cmake-build-debug/CMakeFiles/CMakeTmp

Run Build Command(s):/usr/bin/make cmTC_23b31/fast && /usr/bin/make  -f CMakeFiles/cmTC_23b31.dir/build.make CMakeFiles/cmTC_23b31.dir/build
make[1]: Entering directory '/home/zoukaixiang/code/camodocal/cmake-build-debug/CMakeFiles/CMakeTmp'
Building C object CMakeFiles/cmTC_23b31.dir/CheckIncludeFile.c.o
/usr/bin/cc -DBLAS_USE_F2C  -Wall -fPIC -fpermissive -mfpmath=sse -msse4.1 -std=c++11  -o CMakeFiles/cmTC_23b31.dir/CheckIncludeFile.c.o -c /home/zoukaixiang/code/camodocal/cmake-build-debug/CMakeFiles/CMakeTmp/CheckIncludeFile.c
cc1: warning: command line option -std=c++11 is valid for C++/ObjC++ but not for C
cc1: warning: command line option -fpermissive is valid for C++/ObjC++ but not for C
Linking C executable cmTC_23b31
/home/zoukaixiang/3rdparty/clion-2021.1.1/bin/cmake/linux/bin/cmake -E cmake_link_script CMakeFiles/cmTC_23b31.dir/link.txt --verbose=1
/usr/bin/cc -Wall -fPIC -fpermissive -mfpmath=sse -msse4.1 -std=c++11  -rdynamic CMakeFiles/cmTC_23b31.dir/CheckIncludeFile.c.o -o cmTC_23b31 
make[1]: Leaving directory '/home/zoukaixiang/code/camodocal/cmake-build-debug/CMakeFiles/CMakeTmp'



Determining size of unsigned short passed with the following output:
Change Dir: /home/zoukaixiang/code/camodocal/cmake-build-debug/CMakeFiles/CMakeTmp

Run Build Command(s):/usr/bin/make cmTC_f4a73/fast && /usr/bin/make  -f CMakeFiles/cmTC_f4a73.dir/build.make CMakeFiles/cmTC_f4a73.dir/build
make[1]: Entering directory '/home/zoukaixiang/code/camodocal/cmake-build-debug/CMakeFiles/CMakeTmp'
Building C object CMakeFiles/cmTC_f4a73.dir/CMAKE_SIZEOF_UNSIGNED_SHORT.c.o
/usr/bin/cc -DBLAS_USE_F2C  -Wall -fPIC -fpermissive -mfpmath=sse -msse4.1 -std=c++11  -o CMakeFiles/cmTC_f4a73.dir/CMAKE_SIZEOF_UNSIGNED_SHORT.c.o -c /home/zoukaixiang/code/camodocal/cmake-build-debug/CMakeFiles/CheckTypeSize/CMAKE_SIZEOF_UNSIGNED_SHORT.c
cc1: warning: command line option -std=c++11 is valid for C++/ObjC++ but not for C
cc1: warning: command line option -fpermissive is valid for C++/ObjC++ but not for C
Linking C executable cmTC_f4a73
/home/zoukaixiang/3rdparty/clion-2021.1.1/bin/cmake/linux/bin/cmake -E cmake_link_script CMakeFiles/cmTC_f4a73.dir/link.txt --verbose=1
/usr/bin/cc -Wall -fPIC -fpermissive -mfpmath=sse -msse4.1 -std=c++11  -rdynamic CMakeFiles/cmTC_f4a73.dir/CMAKE_SIZEOF_UNSIGNED_SHORT.c.o -o cmTC_f4a73 
make[1]: Leaving directory '/home/zoukaixiang/code/camodocal/cmake-build-debug/CMakeFiles/CMakeTmp'



Determining if the system is big endian passed with the following output:
Change Dir: /home/zoukaixiang/code/camodocal/cmake-build-debug/CMakeFiles/CMakeTmp

Run Build Command(s):/usr/bin/make cmTC_d53b7/fast && /usr/bin/make  -f CMakeFiles/cmTC_d53b7.dir/build.make CMakeFiles/cmTC_d53b7.dir/build
make[1]: Entering directory '/home/zoukaixiang/code/camodocal/cmake-build-debug/CMakeFiles/CMakeTmp'
Building C object CMakeFiles/cmTC_d53b7.dir/TestEndianess.c.o
/usr/bin/cc   -Wall -fPIC -fpermissive -mfpmath=sse -msse4.1 -std=c++11  -o CMakeFiles/cmTC_d53b7.dir/TestEndianess.c.o -c /home/zoukaixiang/code/camodocal/cmake-build-debug/CMakeFiles/CMakeTmp/TestEndianess.c
cc1: warning: command line option -std=c++11 is valid for C++/ObjC++ but not for C
cc1: warning: command line option -fpermissive is valid for C++/ObjC++ but not for C
Linking C executable cmTC_d53b7
/home/zoukaixiang/3rdparty/clion-2021.1.1/bin/cmake/linux/bin/cmake -E cmake_link_script CMakeFiles/cmTC_d53b7.dir/link.txt --verbose=1
/usr/bin/cc -Wall -fPIC -fpermissive -mfpmath=sse -msse4.1 -std=c++11  -rdynamic CMakeFiles/cmTC_d53b7.dir/TestEndianess.c.o -o cmTC_d53b7 
make[1]: Leaving directory '/home/zoukaixiang/code/camodocal/cmake-build-debug/CMakeFiles/CMakeTmp'


TestEndianess.c:
/* A 16 bit integer is required. */
typedef unsigned short cmakeint16;

/* On a little endian machine, these 16bit ints will give "THIS IS LITTLE ENDIAN."
   On a big endian machine the characters will be exchanged pairwise. */
const cmakeint16 info_little[] =  {0x4854, 0x5349, 0x4920, 0x2053, 0x494c, 0x5454, 0x454c, 0x4520, 0x444e, 0x4149, 0x2e4e, 0x0000};

/* on a big endian machine, these 16bit ints will give "THIS IS BIG ENDIAN."
   On a little endian machine the characters will be exchanged pairwise. */
const cmakeint16 info_big[] =     {0x5448, 0x4953, 0x2049, 0x5320, 0x4249, 0x4720, 0x454e, 0x4449, 0x414e, 0x2e2e, 0x0000};

#ifdef __CLASSIC_C__
int main(argc, argv) int argc; char *argv[];
#else
int main(int argc, char *argv[])
#endif
{
  int require = 0;
  require += info_little[argc];
  require += info_big[argc];
  (void)argv;
  return require;
}


Determining if the include file iso646.h exists passed with the following output:
Change Dir: /home/zoukaixiang/code/camodocal/cmake-build-debug/CMakeFiles/CMakeTmp

Run Build Command(s):/usr/bin/make cmTC_caf5c/fast && /usr/bin/make  -f CMakeFiles/cmTC_caf5c.dir/build.make CMakeFiles/cmTC_caf5c.dir/build
make[1]: Entering directory '/home/zoukaixiang/code/camodocal/cmake-build-debug/CMakeFiles/CMakeTmp'
Building CXX object CMakeFiles/cmTC_caf5c.dir/CheckIncludeFile.cxx.o
/usr/bin/c++ -DBLAS_USE_F2C  -Wall -Wno-deprecated -fPIC -finline-limit=400 -fpermissive -mfpmath=sse -msse4.1 -std=c++11  -o CMakeFiles/cmTC_caf5c.dir/CheckIncludeFile.cxx.o -c /home/zoukaixiang/code/camodocal/cmake-build-debug/CMakeFiles/CMakeTmp/CheckIncludeFile.cxx
Linking CXX executable cmTC_caf5c
/home/zoukaixiang/3rdparty/clion-2021.1.1/bin/cmake/linux/bin/cmake -E cmake_link_script CMakeFiles/cmTC_caf5c.dir/link.txt --verbose=1
/usr/bin/c++ -Wall -Wno-deprecated -fPIC -finline-limit=400 -fpermissive -mfpmath=sse -msse4.1 -std=c++11  -rdynamic CMakeFiles/cmTC_caf5c.dir/CheckIncludeFile.cxx.o -o cmTC_caf5c 
make[1]: Leaving directory '/home/zoukaixiang/code/camodocal/cmake-build-debug/CMakeFiles/CMakeTmp'



Performing C++ SOURCE FILE Test COMPILER_HAS_HIDDEN_VISIBILITY succeeded with the following output:
Change Dir: /home/zoukaixiang/code/camodocal/cmake-build-debug/CMakeFiles/CMakeTmp

Run Build Command(s):/usr/bin/make cmTC_c5d1a/fast && /usr/bin/make  -f CMakeFiles/cmTC_c5d1a.dir/build.make CMakeFiles/cmTC_c5d1a.dir/build
make[1]: Entering directory '/home/zoukaixiang/code/camodocal/cmake-build-debug/CMakeFiles/CMakeTmp'
Building CXX object CMakeFiles/cmTC_c5d1a.dir/src.cxx.o
/usr/bin/c++ -DCOMPILER_HAS_HIDDEN_VISIBILITY  -Wall -Wno-deprecated -fPIC -finline-limit=400 -fpermissive -mfpmath=sse -msse4.1 -std=c++11    -fvisibility=hidden -o CMakeFiles/cmTC_c5d1a.dir/src.cxx.o -c /home/zoukaixiang/code/camodocal/cmake-build-debug/CMakeFiles/CMakeTmp/src.cxx
Linking CXX executable cmTC_c5d1a
/home/zoukaixiang/3rdparty/clion-2021.1.1/bin/cmake/linux/bin/cmake -E cmake_link_script CMakeFiles/cmTC_c5d1a.dir/link.txt --verbose=1
/usr/bin/c++ -Wall -Wno-deprecated -fPIC -finline-limit=400 -fpermissive -mfpmath=sse -msse4.1 -std=c++11  -rdynamic CMakeFiles/cmTC_c5d1a.dir/src.cxx.o -o cmTC_c5d1a 
make[1]: Leaving directory '/home/zoukaixiang/code/camodocal/cmake-build-debug/CMakeFiles/CMakeTmp'


Source file was:
int main() { return 0; }
Performing C++ SOURCE FILE Test COMPILER_HAS_HIDDEN_INLINE_VISIBILITY succeeded with the following output:
Change Dir: /home/zoukaixiang/code/camodocal/cmake-build-debug/CMakeFiles/CMakeTmp

Run Build Command(s):/usr/bin/make cmTC_5598f/fast && /usr/bin/make  -f CMakeFiles/cmTC_5598f.dir/build.make CMakeFiles/cmTC_5598f.dir/build
make[1]: Entering directory '/home/zoukaixiang/code/camodocal/cmake-build-debug/CMakeFiles/CMakeTmp'
Building CXX object CMakeFiles/cmTC_5598f.dir/src.cxx.o
/usr/bin/c++ -DCOMPILER_HAS_HIDDEN_INLINE_VISIBILITY  -Wall -Wno-deprecated -fPIC -finline-limit=400 -fpermissive -mfpmath=sse -msse4.1 -std=c++11    -fvisibility-inlines-hidden -o CMakeFiles/cmTC_5598f.dir/src.cxx.o -c /home/zoukaixiang/code/camodocal/cmake-build-debug/CMakeFiles/CMakeTmp/src.cxx
Linking CXX executable cmTC_5598f
/home/zoukaixiang/3rdparty/clion-2021.1.1/bin/cmake/linux/bin/cmake -E cmake_link_script CMakeFiles/cmTC_5598f.dir/link.txt --verbose=1
/usr/bin/c++ -Wall -Wno-deprecated -fPIC -finline-limit=400 -fpermissive -mfpmath=sse -msse4.1 -std=c++11  -rdynamic CMakeFiles/cmTC_5598f.dir/src.cxx.o -o cmTC_5598f 
make[1]: Leaving directory '/home/zoukaixiang/code/camodocal/cmake-build-debug/CMakeFiles/CMakeTmp'


Source file was:
int main() { return 0; }
Performing C++ SOURCE FILE Test COMPILER_HAS_DEPRECATED_ATTR succeeded with the following output:
Change Dir: /home/zoukaixiang/code/camodocal/cmake-build-debug/CMakeFiles/CMakeTmp

Run Build Command(s):/usr/bin/make cmTC_f3036/fast && /usr/bin/make  -f CMakeFiles/cmTC_f3036.dir/build.make CMakeFiles/cmTC_f3036.dir/build
make[1]: Entering directory '/home/zoukaixiang/code/camodocal/cmake-build-debug/CMakeFiles/CMakeTmp'
Building CXX object CMakeFiles/cmTC_f3036.dir/src.cxx.o
/usr/bin/c++ -DBLAS_USE_F2C -DCOMPILER_HAS_DEPRECATED_ATTR  -Wall -Wno-deprecated -fPIC -finline-limit=400 -fpermissive -mfpmath=sse -msse4.1 -std=c++11  -o CMakeFiles/cmTC_f3036.dir/src.cxx.o -c /home/zoukaixiang/code/camodocal/cmake-build-debug/CMakeFiles/CMakeTmp/src.cxx
/home/zoukaixiang/code/camodocal/cmake-build-debug/CMakeFiles/CMakeTmp/src.cxx: In function int main():
/home/zoukaixiang/code/camodocal/cmake-build-debug/CMakeFiles/CMakeTmp/src.cxx:2:25: warning: int somefunc() is deprecated [-Wdeprecated-declarations]
     int main() { return somefunc();}
                         ^
/home/zoukaixiang/code/camodocal/cmake-build-debug/CMakeFiles/CMakeTmp/src.cxx:1:37: note: declared here
 __attribute__((__deprecated__)) int somefunc() { return 0; }
                                     ^
/home/zoukaixiang/code/camodocal/cmake-build-debug/CMakeFiles/CMakeTmp/src.cxx:2:25: warning: int somefunc() is deprecated [-Wdeprecated-declarations]
     int main() { return somefunc();}
                         ^
/home/zoukaixiang/code/camodocal/cmake-build-debug/CMakeFiles/CMakeTmp/src.cxx:1:37: note: declared here
 __attribute__((__deprecated__)) int somefunc() { return 0; }
                                     ^
/home/zoukaixiang/code/camodocal/cmake-build-debug/CMakeFiles/CMakeTmp/src.cxx:2:34: warning: int somefunc() is deprecated [-Wdeprecated-declarations]
     int main() { return somefunc();}
                                  ^
/home/zoukaixiang/code/camodocal/cmake-build-debug/CMakeFiles/CMakeTmp/src.cxx:1:37: note: declared here
 __attribute__((__deprecated__)) int somefunc() { return 0; }
                                     ^
Linking CXX executable cmTC_f3036
/home/zoukaixiang/3rdparty/clion-2021.1.1/bin/cmake/linux/bin/cmake -E cmake_link_script CMakeFiles/cmTC_f3036.dir/link.txt --verbose=1
/usr/bin/c++ -Wall -Wno-deprecated -fPIC -finline-limit=400 -fpermissive -mfpmath=sse -msse4.1 -std=c++11  -rdynamic CMakeFiles/cmTC_f3036.dir/src.cxx.o -o cmTC_f3036 
make[1]: Leaving directory '/home/zoukaixiang/code/camodocal/cmake-build-debug/CMakeFiles/CMakeTmp'


Source file was:
__attribute__((__deprecated__)) int somefunc() { return 0; }
    int main() { return somefunc();}
